<?xml version="1.0" encoding="UTF-8"?>
<!-- Generated by org.testng.reporters.JUnitXMLReporter -->
<testsuite ignored="0" hostname="Aashutosh" failures="3" tests="39" name="Surefire test" time="234.751" errors="0" timestamp="2023-02-23T21:15:09 EST">
  <testcase classname="com.auto.qa.tests.CreateAnAccountTest" name="validateCreateAccPageTitleTest" time="0.018"/>
  <testcase classname="com.auto.qa.tests.CreateAnAccountTest" name="validateCreateAnAccountLabelTest" time="0.026"/>
  <testcase classname="com.auto.qa.tests.CreateAnAccountTest" name="createAccountTest" time="21.753">
    <failure type="org.openqa.selenium.NoSuchElementException" message="no such element: Unable to locate element: {&amp;quot;method&amp;quot;:&amp;quot;xpath&amp;quot;,&amp;quot;selector&amp;quot;:&amp;quot;//div[contains(text(),&amp;quot;Thank you for registering with Fake Online Clothing Store.&amp;quot;)]&amp;quot;}
  (Session info: chrome=110.0.5481.105)
For documentation on this error, please visit: https://selenium.dev/exceptions/#no_such_element
Build info: version: &amp;apos;4.7.2&amp;apos;, revision: &amp;apos;4d4020c3b7&amp;apos;
System info: os.name: &amp;apos;Windows 11&amp;apos;, os.arch: &amp;apos;amd64&amp;apos;, os.version: &amp;apos;10.0&amp;apos;, java.version: &amp;apos;19.0.2&amp;apos;
Driver info: org.openqa.selenium.chrome.ChromeDriver
Command: [0bad3a7d212d192981b4deadc205d70b, findElement {using=xpath, value=//div[contains(text(),&amp;quot;Thank you for registering with Fake Online Clothing Store.&amp;quot;)]}]
Capabilities {acceptInsecureCerts: false, browserName: chrome, browserVersion: 110.0.5481.105, chrome: {chromedriverVersion: 110.0.5481.77 (65ed616c6e8e..., userDataDir: C:\Users\omson\AppData\Loca...}, goog:chromeOptions: {debuggerAddress: localhost:52067}, networkConnectionEnabled: false, pageLoadStrategy: normal, platformName: WINDOWS, proxy: Proxy(), se:cdp: ws://localhost:52067/devtoo..., se:cdpVersion: 110.0.5481.105, setWindowRect: true, strictFileInteractability: false, timeouts: {implicit: 0, pageLoad: 300000, script: 30000}, unhandledPromptBehavior: dismiss and notify, webauthn:extension:credBlob: true, webauthn:extension:largeBlob: true, webauthn:virtualAuthenticators: true}
Session ID: 0bad3a7d212d192981b4deadc205d70b">
      <![CDATA[org.openqa.selenium.NoSuchElementException: no such element: Unable to locate element: {"method":"xpath","selector":"//div[contains(text(),"Thank you for registering with Fake Online Clothing Store.")]"}
  (Session info: chrome=110.0.5481.105)
For documentation on this error, please visit: https://selenium.dev/exceptions/#no_such_element
Build info: version: '4.7.2', revision: '4d4020c3b7'
System info: os.name: 'Windows 11', os.arch: 'amd64', os.version: '10.0', java.version: '19.0.2'
Driver info: org.openqa.selenium.chrome.ChromeDriver
Command: [0bad3a7d212d192981b4deadc205d70b, findElement {using=xpath, value=//div[contains(text(),"Thank you for registering with Fake Online Clothing Store.")]}]
Capabilities {acceptInsecureCerts: false, browserName: chrome, browserVersion: 110.0.5481.105, chrome: {chromedriverVersion: 110.0.5481.77 (65ed616c6e8e..., userDataDir: C:\Users\omson\AppData\Loca...}, goog:chromeOptions: {debuggerAddress: localhost:52067}, networkConnectionEnabled: false, pageLoadStrategy: normal, platformName: WINDOWS, proxy: Proxy(), se:cdp: ws://localhost:52067/devtoo..., se:cdpVersion: 110.0.5481.105, setWindowRect: true, strictFileInteractability: false, timeouts: {implicit: 0, pageLoad: 300000, script: 30000}, unhandledPromptBehavior: dismiss and notify, webauthn:extension:credBlob: true, webauthn:extension:largeBlob: true, webauthn:virtualAuthenticators: true}
Session ID: 0bad3a7d212d192981b4deadc205d70b
at org.openqa.selenium.remote.codec.w3c.W3CHttpResponseCodec.createException(W3CHttpResponseCodec.java:200)
at org.openqa.selenium.remote.codec.w3c.W3CHttpResponseCodec.decode(W3CHttpResponseCodec.java:133)
at org.openqa.selenium.remote.codec.w3c.W3CHttpResponseCodec.decode(W3CHttpResponseCodec.java:53)
at org.openqa.selenium.remote.HttpCommandExecutor.execute(HttpCommandExecutor.java:184)
at org.openqa.selenium.remote.service.DriverCommandExecutor.invokeExecute(DriverCommandExecutor.java:167)
at org.openqa.selenium.remote.service.DriverCommandExecutor.execute(DriverCommandExecutor.java:142)
at org.openqa.selenium.remote.RemoteWebDriver.execute(RemoteWebDriver.java:535)
at org.openqa.selenium.remote.ElementLocation$ElementFinder$2.findElement(ElementLocation.java:162)
at org.openqa.selenium.remote.ElementLocation.findElement(ElementLocation.java:60)
at org.openqa.selenium.remote.RemoteWebDriver.findElement(RemoteWebDriver.java:351)
at org.openqa.selenium.remote.RemoteWebDriver.findElement(RemoteWebDriver.java:343)
at org.openqa.selenium.support.events.EventFiringWebDriver.lambda$new$1(EventFiringWebDriver.java:106)
at jdk.proxy2/jdk.proxy2.$Proxy12.findElement(Unknown Source)
at org.openqa.selenium.support.events.EventFiringWebDriver.findElement(EventFiringWebDriver.java:195)
at org.openqa.selenium.support.pagefactory.DefaultElementLocator.findElement(DefaultElementLocator.java:70)
at org.openqa.selenium.support.pagefactory.internal.LocatingElementHandler.invoke(LocatingElementHandler.java:39)
at jdk.proxy2/jdk.proxy2.$Proxy16.isDisplayed(Unknown Source)
at com.auto.qa.pages.CreateAnAccountPage.accountCreatedMsg(CreateAnAccountPage.java:66)
at com.auto.qa.tests.CreateAnAccountTest.createAccountTest(CreateAnAccountTest.java:63)
at java.base/java.util.ArrayList.forEach(ArrayList.java:1511)
... Removed 35 stack frames]]>
    </failure>
  </testcase> <!-- createAccountTest -->
  <testcase classname="com.auto.qa.tests.CreateAnAccountTest" name="createAccountTest" time="21.654">
    <failure type="org.openqa.selenium.NoSuchElementException" message="no such element: Unable to locate element: {&amp;quot;method&amp;quot;:&amp;quot;xpath&amp;quot;,&amp;quot;selector&amp;quot;:&amp;quot;//div[contains(text(),&amp;quot;Thank you for registering with Fake Online Clothing Store.&amp;quot;)]&amp;quot;}
  (Session info: chrome=110.0.5481.105)
For documentation on this error, please visit: https://selenium.dev/exceptions/#no_such_element
Build info: version: &amp;apos;4.7.2&amp;apos;, revision: &amp;apos;4d4020c3b7&amp;apos;
System info: os.name: &amp;apos;Windows 11&amp;apos;, os.arch: &amp;apos;amd64&amp;apos;, os.version: &amp;apos;10.0&amp;apos;, java.version: &amp;apos;19.0.2&amp;apos;
Driver info: org.openqa.selenium.chrome.ChromeDriver
Command: [3e615b3f493f85bfa70057e1fd62e37f, findElement {using=xpath, value=//div[contains(text(),&amp;quot;Thank you for registering with Fake Online Clothing Store.&amp;quot;)]}]
Capabilities {acceptInsecureCerts: false, browserName: chrome, browserVersion: 110.0.5481.105, chrome: {chromedriverVersion: 110.0.5481.77 (65ed616c6e8e..., userDataDir: C:\Users\omson\AppData\Loca...}, goog:chromeOptions: {debuggerAddress: localhost:52135}, networkConnectionEnabled: false, pageLoadStrategy: normal, platformName: WINDOWS, proxy: Proxy(), se:cdp: ws://localhost:52135/devtoo..., se:cdpVersion: 110.0.5481.105, setWindowRect: true, strictFileInteractability: false, timeouts: {implicit: 0, pageLoad: 300000, script: 30000}, unhandledPromptBehavior: dismiss and notify, webauthn:extension:credBlob: true, webauthn:extension:largeBlob: true, webauthn:virtualAuthenticators: true}
Session ID: 3e615b3f493f85bfa70057e1fd62e37f">
      <![CDATA[org.openqa.selenium.NoSuchElementException: no such element: Unable to locate element: {"method":"xpath","selector":"//div[contains(text(),"Thank you for registering with Fake Online Clothing Store.")]"}
  (Session info: chrome=110.0.5481.105)
For documentation on this error, please visit: https://selenium.dev/exceptions/#no_such_element
Build info: version: '4.7.2', revision: '4d4020c3b7'
System info: os.name: 'Windows 11', os.arch: 'amd64', os.version: '10.0', java.version: '19.0.2'
Driver info: org.openqa.selenium.chrome.ChromeDriver
Command: [3e615b3f493f85bfa70057e1fd62e37f, findElement {using=xpath, value=//div[contains(text(),"Thank you for registering with Fake Online Clothing Store.")]}]
Capabilities {acceptInsecureCerts: false, browserName: chrome, browserVersion: 110.0.5481.105, chrome: {chromedriverVersion: 110.0.5481.77 (65ed616c6e8e..., userDataDir: C:\Users\omson\AppData\Loca...}, goog:chromeOptions: {debuggerAddress: localhost:52135}, networkConnectionEnabled: false, pageLoadStrategy: normal, platformName: WINDOWS, proxy: Proxy(), se:cdp: ws://localhost:52135/devtoo..., se:cdpVersion: 110.0.5481.105, setWindowRect: true, strictFileInteractability: false, timeouts: {implicit: 0, pageLoad: 300000, script: 30000}, unhandledPromptBehavior: dismiss and notify, webauthn:extension:credBlob: true, webauthn:extension:largeBlob: true, webauthn:virtualAuthenticators: true}
Session ID: 3e615b3f493f85bfa70057e1fd62e37f
at org.openqa.selenium.remote.codec.w3c.W3CHttpResponseCodec.createException(W3CHttpResponseCodec.java:200)
at org.openqa.selenium.remote.codec.w3c.W3CHttpResponseCodec.decode(W3CHttpResponseCodec.java:133)
at org.openqa.selenium.remote.codec.w3c.W3CHttpResponseCodec.decode(W3CHttpResponseCodec.java:53)
at org.openqa.selenium.remote.HttpCommandExecutor.execute(HttpCommandExecutor.java:184)
at org.openqa.selenium.remote.service.DriverCommandExecutor.invokeExecute(DriverCommandExecutor.java:167)
at org.openqa.selenium.remote.service.DriverCommandExecutor.execute(DriverCommandExecutor.java:142)
at org.openqa.selenium.remote.RemoteWebDriver.execute(RemoteWebDriver.java:535)
at org.openqa.selenium.remote.ElementLocation$ElementFinder$2.findElement(ElementLocation.java:162)
at org.openqa.selenium.remote.ElementLocation.findElement(ElementLocation.java:60)
at org.openqa.selenium.remote.RemoteWebDriver.findElement(RemoteWebDriver.java:351)
at org.openqa.selenium.remote.RemoteWebDriver.findElement(RemoteWebDriver.java:343)
at org.openqa.selenium.support.events.EventFiringWebDriver.lambda$new$1(EventFiringWebDriver.java:106)
at jdk.proxy2/jdk.proxy2.$Proxy12.findElement(Unknown Source)
at org.openqa.selenium.support.events.EventFiringWebDriver.findElement(EventFiringWebDriver.java:195)
at org.openqa.selenium.support.pagefactory.DefaultElementLocator.findElement(DefaultElementLocator.java:70)
at org.openqa.selenium.support.pagefactory.internal.LocatingElementHandler.invoke(LocatingElementHandler.java:39)
at jdk.proxy2/jdk.proxy2.$Proxy16.isDisplayed(Unknown Source)
at com.auto.qa.pages.CreateAnAccountPage.accountCreatedMsg(CreateAnAccountPage.java:66)
at com.auto.qa.tests.CreateAnAccountTest.createAccountTest(CreateAnAccountTest.java:63)
at java.base/java.util.ArrayList.forEach(ArrayList.java:1511)
... Removed 35 stack frames]]>
    </failure>
  </testcase> <!-- createAccountTest -->
  <testcase classname="com.auto.qa.tests.CreateAnAccountTest" name="createAccountWithSameDataTest" time="1.633"/>
  <testcase classname="com.auto.qa.tests.CreateAnAccountTest" name="createAccountWithSameDataTest" time="1.527"/>
  <testcase classname="com.auto.qa.tests.GearPageTest" name="validateGearPageTitleTest" time="0.004"/>
  <testcase classname="com.auto.qa.tests.GearPageTest" name="validateGearLabelTest" time="0.054"/>
  <testcase classname="com.auto.qa.tests.GearPageTest" name="chooseItemAndAddToCartTest" time="1.947">
    <failure type="org.openqa.selenium.ElementNotInteractableException" message="element not interactable: [object HTMLImageElement] has no size and location
  (Session info: chrome=110.0.5481.105)
Build info: version: &amp;apos;4.7.2&amp;apos;, revision: &amp;apos;4d4020c3b7&amp;apos;
System info: os.name: &amp;apos;Windows 11&amp;apos;, os.arch: &amp;apos;amd64&amp;apos;, os.version: &amp;apos;10.0&amp;apos;, java.version: &amp;apos;19.0.2&amp;apos;
Driver info: org.openqa.selenium.chrome.ChromeDriver
Command: [e42a2a2309462a111d8da8b44810ce89, actions {actions=[org.openqa.selenium.interactions.Sequence@1cd2143b]}]
Capabilities {acceptInsecureCerts: false, browserName: chrome, browserVersion: 110.0.5481.105, chrome: {chromedriverVersion: 110.0.5481.77 (65ed616c6e8e..., userDataDir: C:\Users\omson\AppData\Loca...}, goog:chromeOptions: {debuggerAddress: localhost:52326}, networkConnectionEnabled: false, pageLoadStrategy: normal, platformName: WINDOWS, proxy: Proxy(), se:cdp: ws://localhost:52326/devtoo..., se:cdpVersion: 110.0.5481.105, setWindowRect: true, strictFileInteractability: false, timeouts: {implicit: 0, pageLoad: 300000, script: 30000}, unhandledPromptBehavior: dismiss and notify, webauthn:extension:credBlob: true, webauthn:extension:largeBlob: true, webauthn:virtualAuthenticators: true}
Session ID: e42a2a2309462a111d8da8b44810ce89">
      <![CDATA[org.openqa.selenium.ElementNotInteractableException: element not interactable: [object HTMLImageElement] has no size and location
  (Session info: chrome=110.0.5481.105)
Build info: version: '4.7.2', revision: '4d4020c3b7'
System info: os.name: 'Windows 11', os.arch: 'amd64', os.version: '10.0', java.version: '19.0.2'
Driver info: org.openqa.selenium.chrome.ChromeDriver
Command: [e42a2a2309462a111d8da8b44810ce89, actions {actions=[org.openqa.selenium.interactions.Sequence@1cd2143b]}]
Capabilities {acceptInsecureCerts: false, browserName: chrome, browserVersion: 110.0.5481.105, chrome: {chromedriverVersion: 110.0.5481.77 (65ed616c6e8e..., userDataDir: C:\Users\omson\AppData\Loca...}, goog:chromeOptions: {debuggerAddress: localhost:52326}, networkConnectionEnabled: false, pageLoadStrategy: normal, platformName: WINDOWS, proxy: Proxy(), se:cdp: ws://localhost:52326/devtoo..., se:cdpVersion: 110.0.5481.105, setWindowRect: true, strictFileInteractability: false, timeouts: {implicit: 0, pageLoad: 300000, script: 30000}, unhandledPromptBehavior: dismiss and notify, webauthn:extension:credBlob: true, webauthn:extension:largeBlob: true, webauthn:virtualAuthenticators: true}
Session ID: e42a2a2309462a111d8da8b44810ce89
at org.openqa.selenium.remote.codec.w3c.W3CHttpResponseCodec.createException(W3CHttpResponseCodec.java:200)
at org.openqa.selenium.remote.codec.w3c.W3CHttpResponseCodec.decode(W3CHttpResponseCodec.java:133)
at org.openqa.selenium.remote.codec.w3c.W3CHttpResponseCodec.decode(W3CHttpResponseCodec.java:53)
at org.openqa.selenium.remote.HttpCommandExecutor.execute(HttpCommandExecutor.java:184)
at org.openqa.selenium.remote.service.DriverCommandExecutor.invokeExecute(DriverCommandExecutor.java:167)
at org.openqa.selenium.remote.service.DriverCommandExecutor.execute(DriverCommandExecutor.java:142)
at org.openqa.selenium.remote.RemoteWebDriver.execute(RemoteWebDriver.java:535)
at org.openqa.selenium.remote.RemoteWebDriver.perform(RemoteWebDriver.java:603)
at org.openqa.selenium.support.events.EventFiringWebDriver.lambda$new$1(EventFiringWebDriver.java:106)
at jdk.proxy2/jdk.proxy2.$Proxy12.perform(Unknown Source)
at org.openqa.selenium.support.events.EventFiringWebDriver.perform(EventFiringWebDriver.java:334)
at org.openqa.selenium.interactions.Actions$BuiltAction.perform(Actions.java:567)
at com.auto.qa.util.TestUtil.action(TestUtil.java:30)
at com.auto.qa.pages.GearPage.hoverOnFirstItem(GearPage.java:76)
at com.auto.qa.tests.GearPageTest.chooseItemAndAddToCartTest(GearPageTest.java:56)
at java.base/java.util.ArrayList.forEach(ArrayList.java:1511)
... Removed 35 stack frames]]>
    </failure>
  </testcase> <!-- chooseItemAndAddToCartTest -->
  <testcase classname="com.auto.qa.tests.HomePageTest" name="validateHomePageTitleTest" time="0.019"/>
  <testcase classname="com.auto.qa.tests.HomePageTest" name="validateUserNameTest" time="0.903"/>
  <testcase classname="com.auto.qa.tests.HomePageTest" name="clickOnWhatsNewButtonTest" time="0.751"/>
  <testcase classname="com.auto.qa.tests.HomePageTest" name="clickOnMenButtonTest" time="4.924"/>
  <testcase classname="com.auto.qa.tests.HomePageTest" name="searchForItemAndValidateSearchBtnTest" time="1.723"/>
  <testcase classname="com.auto.qa.tests.LandingPageTest" name="landingPageTitleTest" time="0.005"/>
  <testcase classname="com.auto.qa.tests.LandingPageTest" name="pageLogoTest" time="0.027"/>
  <testcase classname="com.auto.qa.tests.LandingPageTest" name="clickLoginButtonTest" time="1.462"/>
  <testcase classname="com.auto.qa.tests.LandingPageTest" name="clickRegisterButtonTest" time="0.721"/>
  <testcase classname="com.auto.qa.tests.MenPageTest" name="validateMenPageTitleTest" time="0.024"/>
  <testcase classname="com.auto.qa.tests.MenPageTest" name="validateMenLabelTest" time="0.01"/>
  <testcase classname="com.auto.qa.tests.MenPageTest" name="chooseItemAndAddToCartTest" time="3.696"/>
  <testcase classname="com.auto.qa.tests.SalePageTest" name="validateSalePageTitleTest" time="0.006"/>
  <testcase classname="com.auto.qa.tests.SalePageTest" name="validateSaleLabelTest" time="0.018"/>
  <testcase classname="com.auto.qa.tests.SalePageTest" name="validateDealsTextAndPromoOfferTest" time="0.077"/>
  <testcase classname="com.auto.qa.tests.SearchItemPageTest" name="validateSearchResultItemsTest" time="0.02"/>
  <testcase classname="com.auto.qa.tests.SearchItemPageTest" name="validateSearchResultPageTitleTest" time="0.003"/>
  <testcase classname="com.auto.qa.tests.SearchItemPageTest" name="validateSearchResultsLMsgTest" time="0.014"/>
  <testcase classname="com.auto.qa.tests.SignInPageTest" name="signInPageTitleTest" time="0.01"/>
  <testcase classname="com.auto.qa.tests.SignInPageTest" name="customerLoginTitleTest" time="0.047"/>
  <testcase classname="com.auto.qa.tests.SignInPageTest" name="loginTest" time="1.241"/>
  <testcase classname="com.auto.qa.tests.TrainingPageTest" name="validateTrainingPageTitleTest" time="0.016"/>
  <testcase classname="com.auto.qa.tests.TrainingPageTest" name="validateTrainingLabelTest" time="0.035"/>
  <testcase classname="com.auto.qa.tests.TrainingPageTest" name="chooseWatchesAndAddtoCartTest" time="1.087"/>
  <testcase classname="com.auto.qa.tests.WhatsNewPageTest" name="validateWhatsNewPageTitleTest" time="0.003"/>
  <testcase classname="com.auto.qa.tests.WhatsNewPageTest" name="validateWhatsNewLabelTest" time="0.022"/>
  <testcase classname="com.auto.qa.tests.WhatsNewPageTest" name="categoriesLsitTest" time="0.019"/>
  <testcase classname="com.auto.qa.tests.WomenPageTest" name="validateWomenPageTitleTest" time="0.029"/>
  <testcase classname="com.auto.qa.tests.WomenPageTest" name="validateWomenLabelTest" time="0.018"/>
  <testcase classname="com.auto.qa.tests.WomenPageTest" name="chooseItemAndAddToCartTest" time="5.875"/>
</testsuite> <!-- Surefire test -->
