<!DOCTYPE html PUBLIC "-//W3C//DTD XHTML 1.1//EN" "https://www.w3.org/TR/xhtml11/DTD/xhtml11.dtd">
<html xmlns="https://www.w3.org/1999/xhtml">
<head>
<meta http-equiv="content-type" content="text/html; charset=UTF-8"/>
<title>TestNG Report</title>
<style type="text/css">table {margin-bottom:10px;border-collapse:collapse;empty-cells:show}th,td {border:1px solid #009;padding:.25em .5em}th {vertical-align:bottom}td {vertical-align:top}table a {font-weight:bold}.stripe td {background-color: #E6EBF9}.num {text-align:right}.passedodd td {background-color: #3F3}.passedeven td {background-color: #0A0}.skippedodd td {background-color: #DDD}.skippedeven td {background-color: #CCC}.failedodd td,.attn {background-color: #F33}.failedeven td,.stripe .attn {background-color: #D00}.stacktrace {white-space:pre;font-family:monospace}.totop {font-size:85%;text-align:center;border-bottom:2px solid #000}.invisible {display:none}</style>
</head>
<body>
<table>
<tr><th>Test</th><th># Passed</th><th># Skipped</th><th># Retried</th><th># Failed</th><th>Time (ms)</th><th>Included Groups</th><th>Excluded Groups</th></tr>
<tr><th colspan="8">Surefire suite</th></tr>
<tr><td><a href="#t0">Surefire test</a></td><td class="num">36</td><td class="num">0</td><td class="num">0</td><td class="num attn">3</td><td class="num">234,751</td><td></td><td></td></tr>
</table>
<table id='summary'><thead><tr><th>Class</th><th>Method</th><th>Start</th><th>Time (ms)</th></tr></thead><tbody><tr><th colspan="4">Surefire suite</th></tr></tbody><tbody id="t0"><tr><th colspan="4">Surefire test &#8212; failed</th></tr><tr class="failedeven"><td rowspan="2">com.auto.qa.tests.CreateAnAccountTest</td><td><a href="#m0">createAccountTest</a></td><td rowspan="2">1677204684911</td><td rowspan="2">21753</td></tr><tr class="failedeven"><td><a href="#m1">createAccountTest</a></td></tr><tr class="failedodd"><td rowspan="1">com.auto.qa.tests.GearPageTest</td><td><a href="#m2">chooseItemAndAddToCartTest</a></td><td rowspan="1">1677204757331</td><td rowspan="1">1947</td></tr><tr><th colspan="4">Surefire test &#8212; passed</th></tr><tr class="passedeven"><td rowspan="4">com.auto.qa.tests.CreateAnAccountTest</td><td><a href="#m3">createAccountWithSameDataTest</a></td><td rowspan="2">1677204734922</td><td rowspan="2">1633</td></tr><tr class="passedeven"><td><a href="#m4">createAccountWithSameDataTest</a></td></tr><tr class="passedeven"><td><a href="#m5">validateCreateAccPageTitleTest</a></td><td rowspan="1">1677204678461</td><td rowspan="1">18</td></tr><tr class="passedeven"><td><a href="#m6">validateCreateAnAccountLabelTest</a></td><td rowspan="1">1677204681483</td><td rowspan="1">26</td></tr><tr class="passedodd"><td rowspan="2">com.auto.qa.tests.GearPageTest</td><td><a href="#m7">validateGearLabelTest</a></td><td rowspan="1">1677204752069</td><td rowspan="1">54</td></tr><tr class="passedodd"><td><a href="#m8">validateGearPageTitleTest</a></td><td rowspan="1">1677204747078</td><td rowspan="1">4</td></tr><tr class="passedeven"><td rowspan="5">com.auto.qa.tests.HomePageTest</td><td><a href="#m9">clickOnMenButtonTest</a></td><td rowspan="1">1677204778262</td><td rowspan="1">4924</td></tr><tr class="passedeven"><td><a href="#m10">clickOnWhatsNewButtonTest</a></td><td rowspan="1">1677204773350</td><td rowspan="1">751</td></tr><tr class="passedeven"><td><a href="#m11">searchForItemAndValidateSearchBtnTest</a></td><td rowspan="1">1677204787427</td><td rowspan="1">1723</td></tr><tr class="passedeven"><td><a href="#m12">validateHomePageTitleTest</a></td><td rowspan="1">1677204763755</td><td rowspan="1">19</td></tr><tr class="passedeven"><td><a href="#m13">validateUserNameTest</a></td><td rowspan="1">1677204768143</td><td rowspan="1">903</td></tr><tr class="passedodd"><td rowspan="4">com.auto.qa.tests.LandingPageTest</td><td><a href="#m14">clickLoginButtonTest</a></td><td rowspan="1">1677204795319</td><td rowspan="1">1462</td></tr><tr class="passedodd"><td><a href="#m15">clickRegisterButtonTest</a></td><td rowspan="1">1677204798857</td><td rowspan="1">721</td></tr><tr class="passedodd"><td><a href="#m16">landingPageTitleTest</a></td><td rowspan="1">1677204791220</td><td rowspan="1">5</td></tr><tr class="passedodd"><td><a href="#m17">pageLogoTest</a></td><td rowspan="1">1677204793291</td><td rowspan="1">27</td></tr><tr class="passedeven"><td rowspan="3">com.auto.qa.tests.MenPageTest</td><td><a href="#m18">chooseItemAndAddToCartTest</a></td><td rowspan="1">1677204814560</td><td rowspan="1">3696</td></tr><tr class="passedeven"><td><a href="#m19">validateMenLabelTest</a></td><td rowspan="1">1677204809585</td><td rowspan="1">10</td></tr><tr class="passedeven"><td><a href="#m20">validateMenPageTitleTest</a></td><td rowspan="1">1677204804609</td><td rowspan="1">24</td></tr><tr class="passedodd"><td rowspan="3">com.auto.qa.tests.SalePageTest</td><td><a href="#m21">validateDealsTextAndPromoOfferTest</a></td><td rowspan="1">1677204832965</td><td rowspan="1">77</td></tr><tr class="passedodd"><td><a href="#m22">validateSaleLabelTest</a></td><td rowspan="1">1677204828334</td><td rowspan="1">18</td></tr><tr class="passedodd"><td><a href="#m23">validateSalePageTitleTest</a></td><td rowspan="1">1677204823588</td><td rowspan="1">6</td></tr><tr class="passedeven"><td rowspan="3">com.auto.qa.tests.SearchItemPageTest</td><td><a href="#m24">validateSearchResultItemsTest</a></td><td rowspan="1">1677204838227</td><td rowspan="1">20</td></tr><tr class="passedeven"><td><a href="#m25">validateSearchResultPageTitleTest</a></td><td rowspan="1">1677204843687</td><td rowspan="1">3</td></tr><tr class="passedeven"><td><a href="#m26">validateSearchResultsLMsgTest</a></td><td rowspan="1">1677204848960</td><td rowspan="1">14</td></tr><tr class="passedodd"><td rowspan="3">com.auto.qa.tests.SignInPageTest</td><td><a href="#m27">customerLoginTitleTest</a></td><td rowspan="1">1677204854656</td><td rowspan="1">47</td></tr><tr class="passedodd"><td><a href="#m28">loginTest</a></td><td rowspan="1">1677204857561</td><td rowspan="1">1241</td></tr><tr class="passedodd"><td><a href="#m29">signInPageTitleTest</a></td><td rowspan="1">1677204851773</td><td rowspan="1">10</td></tr><tr class="passedeven"><td rowspan="3">com.auto.qa.tests.TrainingPageTest</td><td><a href="#m30">chooseWatchesAndAddtoCartTest</a></td><td rowspan="1">1677204873248</td><td rowspan="1">1087</td></tr><tr class="passedeven"><td><a href="#m31">validateTrainingLabelTest</a></td><td rowspan="1">1677204868499</td><td rowspan="1">35</td></tr><tr class="passedeven"><td><a href="#m32">validateTrainingPageTitleTest</a></td><td rowspan="1">1677204863703</td><td rowspan="1">16</td></tr><tr class="passedodd"><td rowspan="3">com.auto.qa.tests.WhatsNewPageTest</td><td><a href="#m33">categoriesLsitTest</a></td><td rowspan="1">1677204888480</td><td rowspan="1">19</td></tr><tr class="passedodd"><td><a href="#m34">validateWhatsNewLabelTest</a></td><td rowspan="1">1677204883832</td><td rowspan="1">22</td></tr><tr class="passedodd"><td><a href="#m35">validateWhatsNewPageTitleTest</a></td><td rowspan="1">1677204879127</td><td rowspan="1">3</td></tr><tr class="passedeven"><td rowspan="3">com.auto.qa.tests.WomenPageTest</td><td><a href="#m36">chooseItemAndAddToCartTest</a></td><td rowspan="1">1677204903399</td><td rowspan="1">5875</td></tr><tr class="passedeven"><td><a href="#m37">validateWomenLabelTest</a></td><td rowspan="1">1677204898046</td><td rowspan="1">18</td></tr><tr class="passedeven"><td><a href="#m38">validateWomenPageTitleTest</a></td><td rowspan="1">1677204893148</td><td rowspan="1">29</td></tr></tbody>
</table>
<h2>Surefire test</h2><h3 id="m0">com.auto.qa.tests.CreateAnAccountTest#createAccountTest</h3><table class="result"><tr class="param"><th>Parameter #1</th><th>Parameter #2</th><th>Parameter #3</th><th>Parameter #4</th><th>Parameter #5</th></tr><tr class="param stripe"><td>John</td><td>Smith</td><td>john12@gmail.com</td><td>123asd@@</td><td>123asd@@</td></tr><tr><th colspan="5">Exception</th></tr><tr><td colspan="5"><div class="stacktrace">org.openqa.selenium.NoSuchElementException: no such element: Unable to locate element: {&quot;method&quot;:&quot;xpath&quot;,&quot;selector&quot;:&quot;//div[contains(text(),&quot;Thank you for registering with Fake Online Clothing Store.&quot;)]&quot;}
  (Session info: chrome=110.0.5481.105)
For documentation on this error, please visit: https://selenium.dev/exceptions/#no_such_element
Build info: version: &apos;4.7.2&apos;, revision: &apos;4d4020c3b7&apos;
System info: os.name: &apos;Windows 11&apos;, os.arch: &apos;amd64&apos;, os.version: &apos;10.0&apos;, java.version: &apos;19.0.2&apos;
Driver info: org.openqa.selenium.chrome.ChromeDriver
Command: [0bad3a7d212d192981b4deadc205d70b, findElement {using=xpath, value=//div[contains(text(),&quot;Thank you for registering with Fake Online Clothing Store.&quot;)]}]
Capabilities {acceptInsecureCerts: false, browserName: chrome, browserVersion: 110.0.5481.105, chrome: {chromedriverVersion: 110.0.5481.77 (65ed616c6e8e..., userDataDir: C:\Users\omson\AppData\Loca...}, goog:chromeOptions: {debuggerAddress: localhost:52067}, networkConnectionEnabled: false, pageLoadStrategy: normal, platformName: WINDOWS, proxy: Proxy(), se:cdp: ws://localhost:52067/devtoo..., se:cdpVersion: 110.0.5481.105, setWindowRect: true, strictFileInteractability: false, timeouts: {implicit: 0, pageLoad: 300000, script: 30000}, unhandledPromptBehavior: dismiss and notify, webauthn:extension:credBlob: true, webauthn:extension:largeBlob: true, webauthn:virtualAuthenticators: true}
Session ID: 0bad3a7d212d192981b4deadc205d70b
	at org.openqa.selenium.remote.codec.w3c.W3CHttpResponseCodec.createException(W3CHttpResponseCodec.java:200)
	at org.openqa.selenium.remote.codec.w3c.W3CHttpResponseCodec.decode(W3CHttpResponseCodec.java:133)
	at org.openqa.selenium.remote.codec.w3c.W3CHttpResponseCodec.decode(W3CHttpResponseCodec.java:53)
	at org.openqa.selenium.remote.HttpCommandExecutor.execute(HttpCommandExecutor.java:184)
	at org.openqa.selenium.remote.service.DriverCommandExecutor.invokeExecute(DriverCommandExecutor.java:167)
	at org.openqa.selenium.remote.service.DriverCommandExecutor.execute(DriverCommandExecutor.java:142)
	at org.openqa.selenium.remote.RemoteWebDriver.execute(RemoteWebDriver.java:535)
	at org.openqa.selenium.remote.ElementLocation$ElementFinder$2.findElement(ElementLocation.java:162)
	at org.openqa.selenium.remote.ElementLocation.findElement(ElementLocation.java:60)
	at org.openqa.selenium.remote.RemoteWebDriver.findElement(RemoteWebDriver.java:351)
	at org.openqa.selenium.remote.RemoteWebDriver.findElement(RemoteWebDriver.java:343)
	at org.openqa.selenium.support.events.EventFiringWebDriver.lambda$new$1(EventFiringWebDriver.java:106)
	at jdk.proxy2/jdk.proxy2.$Proxy12.findElement(Unknown Source)
	at org.openqa.selenium.support.events.EventFiringWebDriver.findElement(EventFiringWebDriver.java:195)
	at org.openqa.selenium.support.pagefactory.DefaultElementLocator.findElement(DefaultElementLocator.java:70)
	at org.openqa.selenium.support.pagefactory.internal.LocatingElementHandler.invoke(LocatingElementHandler.java:39)
	at jdk.proxy2/jdk.proxy2.$Proxy16.isDisplayed(Unknown Source)
	at com.auto.qa.pages.CreateAnAccountPage.accountCreatedMsg(CreateAnAccountPage.java:66)
	at com.auto.qa.tests.CreateAnAccountTest.createAccountTest(CreateAnAccountTest.java:63)
	at java.base/java.util.ArrayList.forEach(ArrayList.java:1511)
... Removed 35 stack frames</div></td></tr></table><p class="totop"><a href="#summary">back to summary</a></p>
<h3 id="m1">com.auto.qa.tests.CreateAnAccountTest#createAccountTest</h3><table class="result"><tr class="param"><th>Parameter #1</th><th>Parameter #2</th><th>Parameter #3</th><th>Parameter #4</th><th>Parameter #5</th></tr><tr class="param stripe"><td>Mic</td><td>Loyyd</td><td>mloydd11@yahoo.com</td><td>234rty!@</td><td>234rty!@</td></tr><tr><th colspan="5">Exception</th></tr><tr><td colspan="5"><div class="stacktrace">org.openqa.selenium.NoSuchElementException: no such element: Unable to locate element: {&quot;method&quot;:&quot;xpath&quot;,&quot;selector&quot;:&quot;//div[contains(text(),&quot;Thank you for registering with Fake Online Clothing Store.&quot;)]&quot;}
  (Session info: chrome=110.0.5481.105)
For documentation on this error, please visit: https://selenium.dev/exceptions/#no_such_element
Build info: version: &apos;4.7.2&apos;, revision: &apos;4d4020c3b7&apos;
System info: os.name: &apos;Windows 11&apos;, os.arch: &apos;amd64&apos;, os.version: &apos;10.0&apos;, java.version: &apos;19.0.2&apos;
Driver info: org.openqa.selenium.chrome.ChromeDriver
Command: [3e615b3f493f85bfa70057e1fd62e37f, findElement {using=xpath, value=//div[contains(text(),&quot;Thank you for registering with Fake Online Clothing Store.&quot;)]}]
Capabilities {acceptInsecureCerts: false, browserName: chrome, browserVersion: 110.0.5481.105, chrome: {chromedriverVersion: 110.0.5481.77 (65ed616c6e8e..., userDataDir: C:\Users\omson\AppData\Loca...}, goog:chromeOptions: {debuggerAddress: localhost:52135}, networkConnectionEnabled: false, pageLoadStrategy: normal, platformName: WINDOWS, proxy: Proxy(), se:cdp: ws://localhost:52135/devtoo..., se:cdpVersion: 110.0.5481.105, setWindowRect: true, strictFileInteractability: false, timeouts: {implicit: 0, pageLoad: 300000, script: 30000}, unhandledPromptBehavior: dismiss and notify, webauthn:extension:credBlob: true, webauthn:extension:largeBlob: true, webauthn:virtualAuthenticators: true}
Session ID: 3e615b3f493f85bfa70057e1fd62e37f
	at org.openqa.selenium.remote.codec.w3c.W3CHttpResponseCodec.createException(W3CHttpResponseCodec.java:200)
	at org.openqa.selenium.remote.codec.w3c.W3CHttpResponseCodec.decode(W3CHttpResponseCodec.java:133)
	at org.openqa.selenium.remote.codec.w3c.W3CHttpResponseCodec.decode(W3CHttpResponseCodec.java:53)
	at org.openqa.selenium.remote.HttpCommandExecutor.execute(HttpCommandExecutor.java:184)
	at org.openqa.selenium.remote.service.DriverCommandExecutor.invokeExecute(DriverCommandExecutor.java:167)
	at org.openqa.selenium.remote.service.DriverCommandExecutor.execute(DriverCommandExecutor.java:142)
	at org.openqa.selenium.remote.RemoteWebDriver.execute(RemoteWebDriver.java:535)
	at org.openqa.selenium.remote.ElementLocation$ElementFinder$2.findElement(ElementLocation.java:162)
	at org.openqa.selenium.remote.ElementLocation.findElement(ElementLocation.java:60)
	at org.openqa.selenium.remote.RemoteWebDriver.findElement(RemoteWebDriver.java:351)
	at org.openqa.selenium.remote.RemoteWebDriver.findElement(RemoteWebDriver.java:343)
	at org.openqa.selenium.support.events.EventFiringWebDriver.lambda$new$1(EventFiringWebDriver.java:106)
	at jdk.proxy2/jdk.proxy2.$Proxy12.findElement(Unknown Source)
	at org.openqa.selenium.support.events.EventFiringWebDriver.findElement(EventFiringWebDriver.java:195)
	at org.openqa.selenium.support.pagefactory.DefaultElementLocator.findElement(DefaultElementLocator.java:70)
	at org.openqa.selenium.support.pagefactory.internal.LocatingElementHandler.invoke(LocatingElementHandler.java:39)
	at jdk.proxy2/jdk.proxy2.$Proxy16.isDisplayed(Unknown Source)
	at com.auto.qa.pages.CreateAnAccountPage.accountCreatedMsg(CreateAnAccountPage.java:66)
	at com.auto.qa.tests.CreateAnAccountTest.createAccountTest(CreateAnAccountTest.java:63)
	at java.base/java.util.ArrayList.forEach(ArrayList.java:1511)
... Removed 35 stack frames</div></td></tr></table><p class="totop"><a href="#summary">back to summary</a></p>
<h3 id="m2">com.auto.qa.tests.GearPageTest#chooseItemAndAddToCartTest</h3><table class="result"><tr><th>Exception</th></tr><tr><td><div class="stacktrace">org.openqa.selenium.ElementNotInteractableException: element not interactable: [object HTMLImageElement] has no size and location
  (Session info: chrome=110.0.5481.105)
Build info: version: &apos;4.7.2&apos;, revision: &apos;4d4020c3b7&apos;
System info: os.name: &apos;Windows 11&apos;, os.arch: &apos;amd64&apos;, os.version: &apos;10.0&apos;, java.version: &apos;19.0.2&apos;
Driver info: org.openqa.selenium.chrome.ChromeDriver
Command: [e42a2a2309462a111d8da8b44810ce89, actions {actions=[org.openqa.selenium.interactions.Sequence@1cd2143b]}]
Capabilities {acceptInsecureCerts: false, browserName: chrome, browserVersion: 110.0.5481.105, chrome: {chromedriverVersion: 110.0.5481.77 (65ed616c6e8e..., userDataDir: C:\Users\omson\AppData\Loca...}, goog:chromeOptions: {debuggerAddress: localhost:52326}, networkConnectionEnabled: false, pageLoadStrategy: normal, platformName: WINDOWS, proxy: Proxy(), se:cdp: ws://localhost:52326/devtoo..., se:cdpVersion: 110.0.5481.105, setWindowRect: true, strictFileInteractability: false, timeouts: {implicit: 0, pageLoad: 300000, script: 30000}, unhandledPromptBehavior: dismiss and notify, webauthn:extension:credBlob: true, webauthn:extension:largeBlob: true, webauthn:virtualAuthenticators: true}
Session ID: e42a2a2309462a111d8da8b44810ce89
	at org.openqa.selenium.remote.codec.w3c.W3CHttpResponseCodec.createException(W3CHttpResponseCodec.java:200)
	at org.openqa.selenium.remote.codec.w3c.W3CHttpResponseCodec.decode(W3CHttpResponseCodec.java:133)
	at org.openqa.selenium.remote.codec.w3c.W3CHttpResponseCodec.decode(W3CHttpResponseCodec.java:53)
	at org.openqa.selenium.remote.HttpCommandExecutor.execute(HttpCommandExecutor.java:184)
	at org.openqa.selenium.remote.service.DriverCommandExecutor.invokeExecute(DriverCommandExecutor.java:167)
	at org.openqa.selenium.remote.service.DriverCommandExecutor.execute(DriverCommandExecutor.java:142)
	at org.openqa.selenium.remote.RemoteWebDriver.execute(RemoteWebDriver.java:535)
	at org.openqa.selenium.remote.RemoteWebDriver.perform(RemoteWebDriver.java:603)
	at org.openqa.selenium.support.events.EventFiringWebDriver.lambda$new$1(EventFiringWebDriver.java:106)
	at jdk.proxy2/jdk.proxy2.$Proxy12.perform(Unknown Source)
	at org.openqa.selenium.support.events.EventFiringWebDriver.perform(EventFiringWebDriver.java:334)
	at org.openqa.selenium.interactions.Actions$BuiltAction.perform(Actions.java:567)
	at com.auto.qa.util.TestUtil.action(TestUtil.java:30)
	at com.auto.qa.pages.GearPage.hoverOnFirstItem(GearPage.java:76)
	at com.auto.qa.tests.GearPageTest.chooseItemAndAddToCartTest(GearPageTest.java:56)
	at java.base/java.util.ArrayList.forEach(ArrayList.java:1511)
... Removed 35 stack frames</div></td></tr></table><p class="totop"><a href="#summary">back to summary</a></p>
<h3 id="m3">com.auto.qa.tests.CreateAnAccountTest#createAccountWithSameDataTest</h3><table class="result"><tr class="param"><th>Parameter #1</th><th>Parameter #2</th><th>Parameter #3</th><th>Parameter #4</th><th>Parameter #5</th></tr><tr class="param stripe"><td>John</td><td>Smith</td><td>john12@gmail.com</td><td>123asd@@</td><td>123asd@@</td></tr></table><p class="totop"><a href="#summary">back to summary</a></p>
<h3 id="m4">com.auto.qa.tests.CreateAnAccountTest#createAccountWithSameDataTest</h3><table class="result"><tr class="param"><th>Parameter #1</th><th>Parameter #2</th><th>Parameter #3</th><th>Parameter #4</th><th>Parameter #5</th></tr><tr class="param stripe"><td>Mic</td><td>Loyyd</td><td>mloydd11@yahoo.com</td><td>234rty!@</td><td>234rty!@</td></tr></table><p class="totop"><a href="#summary">back to summary</a></p>
<h3 id="m5">com.auto.qa.tests.CreateAnAccountTest#validateCreateAccPageTitleTest</h3><table class="result"><tr><th class="invisible"/></tr></table><p class="totop"><a href="#summary">back to summary</a></p>
<h3 id="m6">com.auto.qa.tests.CreateAnAccountTest#validateCreateAnAccountLabelTest</h3><table class="result"><tr><th class="invisible"/></tr></table><p class="totop"><a href="#summary">back to summary</a></p>
<h3 id="m7">com.auto.qa.tests.GearPageTest#validateGearLabelTest</h3><table class="result"><tr><th class="invisible"/></tr></table><p class="totop"><a href="#summary">back to summary</a></p>
<h3 id="m8">com.auto.qa.tests.GearPageTest#validateGearPageTitleTest</h3><table class="result"><tr><th class="invisible"/></tr></table><p class="totop"><a href="#summary">back to summary</a></p>
<h3 id="m9">com.auto.qa.tests.HomePageTest#clickOnMenButtonTest</h3><table class="result"><tr><th class="invisible"/></tr></table><p class="totop"><a href="#summary">back to summary</a></p>
<h3 id="m10">com.auto.qa.tests.HomePageTest#clickOnWhatsNewButtonTest</h3><table class="result"><tr><th class="invisible"/></tr></table><p class="totop"><a href="#summary">back to summary</a></p>
<h3 id="m11">com.auto.qa.tests.HomePageTest#searchForItemAndValidateSearchBtnTest</h3><table class="result"><tr><th class="invisible"/></tr></table><p class="totop"><a href="#summary">back to summary</a></p>
<h3 id="m12">com.auto.qa.tests.HomePageTest#validateHomePageTitleTest</h3><table class="result"><tr><th class="invisible"/></tr></table><p class="totop"><a href="#summary">back to summary</a></p>
<h3 id="m13">com.auto.qa.tests.HomePageTest#validateUserNameTest</h3><table class="result"><tr><th class="invisible"/></tr></table><p class="totop"><a href="#summary">back to summary</a></p>
<h3 id="m14">com.auto.qa.tests.LandingPageTest#clickLoginButtonTest</h3><table class="result"><tr><th class="invisible"/></tr></table><p class="totop"><a href="#summary">back to summary</a></p>
<h3 id="m15">com.auto.qa.tests.LandingPageTest#clickRegisterButtonTest</h3><table class="result"><tr><th class="invisible"/></tr></table><p class="totop"><a href="#summary">back to summary</a></p>
<h3 id="m16">com.auto.qa.tests.LandingPageTest#landingPageTitleTest</h3><table class="result"><tr><th class="invisible"/></tr></table><p class="totop"><a href="#summary">back to summary</a></p>
<h3 id="m17">com.auto.qa.tests.LandingPageTest#pageLogoTest</h3><table class="result"><tr><th class="invisible"/></tr></table><p class="totop"><a href="#summary">back to summary</a></p>
<h3 id="m18">com.auto.qa.tests.MenPageTest#chooseItemAndAddToCartTest</h3><table class="result"><tr><th class="invisible"/></tr></table><p class="totop"><a href="#summary">back to summary</a></p>
<h3 id="m19">com.auto.qa.tests.MenPageTest#validateMenLabelTest</h3><table class="result"><tr><th class="invisible"/></tr></table><p class="totop"><a href="#summary">back to summary</a></p>
<h3 id="m20">com.auto.qa.tests.MenPageTest#validateMenPageTitleTest</h3><table class="result"><tr><th class="invisible"/></tr></table><p class="totop"><a href="#summary">back to summary</a></p>
<h3 id="m21">com.auto.qa.tests.SalePageTest#validateDealsTextAndPromoOfferTest</h3><table class="result"><tr><th class="invisible"/></tr></table><p class="totop"><a href="#summary">back to summary</a></p>
<h3 id="m22">com.auto.qa.tests.SalePageTest#validateSaleLabelTest</h3><table class="result"><tr><th class="invisible"/></tr></table><p class="totop"><a href="#summary">back to summary</a></p>
<h3 id="m23">com.auto.qa.tests.SalePageTest#validateSalePageTitleTest</h3><table class="result"><tr><th class="invisible"/></tr></table><p class="totop"><a href="#summary">back to summary</a></p>
<h3 id="m24">com.auto.qa.tests.SearchItemPageTest#validateSearchResultItemsTest</h3><table class="result"><tr><th class="invisible"/></tr></table><p class="totop"><a href="#summary">back to summary</a></p>
<h3 id="m25">com.auto.qa.tests.SearchItemPageTest#validateSearchResultPageTitleTest</h3><table class="result"><tr><th class="invisible"/></tr></table><p class="totop"><a href="#summary">back to summary</a></p>
<h3 id="m26">com.auto.qa.tests.SearchItemPageTest#validateSearchResultsLMsgTest</h3><table class="result"><tr><th class="invisible"/></tr></table><p class="totop"><a href="#summary">back to summary</a></p>
<h3 id="m27">com.auto.qa.tests.SignInPageTest#customerLoginTitleTest</h3><table class="result"><tr><th class="invisible"/></tr></table><p class="totop"><a href="#summary">back to summary</a></p>
<h3 id="m28">com.auto.qa.tests.SignInPageTest#loginTest</h3><table class="result"><tr><th class="invisible"/></tr></table><p class="totop"><a href="#summary">back to summary</a></p>
<h3 id="m29">com.auto.qa.tests.SignInPageTest#signInPageTitleTest</h3><table class="result"><tr><th class="invisible"/></tr></table><p class="totop"><a href="#summary">back to summary</a></p>
<h3 id="m30">com.auto.qa.tests.TrainingPageTest#chooseWatchesAndAddtoCartTest</h3><table class="result"><tr><th class="invisible"/></tr></table><p class="totop"><a href="#summary">back to summary</a></p>
<h3 id="m31">com.auto.qa.tests.TrainingPageTest#validateTrainingLabelTest</h3><table class="result"><tr><th class="invisible"/></tr></table><p class="totop"><a href="#summary">back to summary</a></p>
<h3 id="m32">com.auto.qa.tests.TrainingPageTest#validateTrainingPageTitleTest</h3><table class="result"><tr><th class="invisible"/></tr></table><p class="totop"><a href="#summary">back to summary</a></p>
<h3 id="m33">com.auto.qa.tests.WhatsNewPageTest#categoriesLsitTest</h3><table class="result"><tr><th class="invisible"/></tr></table><p class="totop"><a href="#summary">back to summary</a></p>
<h3 id="m34">com.auto.qa.tests.WhatsNewPageTest#validateWhatsNewLabelTest</h3><table class="result"><tr><th class="invisible"/></tr></table><p class="totop"><a href="#summary">back to summary</a></p>
<h3 id="m35">com.auto.qa.tests.WhatsNewPageTest#validateWhatsNewPageTitleTest</h3><table class="result"><tr><th class="invisible"/></tr></table><p class="totop"><a href="#summary">back to summary</a></p>
<h3 id="m36">com.auto.qa.tests.WomenPageTest#chooseItemAndAddToCartTest</h3><table class="result"><tr><th class="invisible"/></tr></table><p class="totop"><a href="#summary">back to summary</a></p>
<h3 id="m37">com.auto.qa.tests.WomenPageTest#validateWomenLabelTest</h3><table class="result"><tr><th class="invisible"/></tr></table><p class="totop"><a href="#summary">back to summary</a></p>
<h3 id="m38">com.auto.qa.tests.WomenPageTest#validateWomenPageTitleTest</h3><table class="result"><tr><th class="invisible"/></tr></table><p class="totop"><a href="#summary">back to summary</a></p>
</body>
</html>
