<?xml version="1.0" encoding="UTF-8"?>
<testsuite xmlns:xsi="http://www.w3.org/2001/XMLSchema-instance" xsi:noNamespaceSchemaLocation="https://maven.apache.org/surefire/maven-surefire-plugin/xsd/surefire-test-report.xsd" name="TestSuite" time="235.145" tests="39" errors="0" skipped="0" failures="3">
  <properties>
    <property name="java.specification.version" value="19"/>
    <property name="sun.cpu.isalist" value="amd64"/>
    <property name="sun.jnu.encoding" value="Cp1252"/>
    <property name="java.class.path" value="C:\Users\omson\eclipse-workspace\Luma_Automation\target\test-classes;C:\Users\omson\eclipse-workspace\Luma_Automation\target\classes;C:\Users\omson\.m2\repository\org\seleniumhq\selenium\selenium-java\4.7.2\selenium-java-4.7.2.jar;C:\Users\omson\.m2\repository\org\seleniumhq\selenium\selenium-api\4.7.2\selenium-api-4.7.2.jar;C:\Users\omson\.m2\repository\org\seleniumhq\selenium\selenium-chrome-driver\4.7.2\selenium-chrome-driver-4.7.2.jar;C:\Users\omson\.m2\repository\com\google\auto\service\auto-service-annotations\1.0.1\auto-service-annotations-1.0.1.jar;C:\Users\omson\.m2\repository\com\google\auto\service\auto-service\1.0.1\auto-service-1.0.1.jar;C:\Users\omson\.m2\repository\com\google\auto\auto-common\1.2\auto-common-1.2.jar;C:\Users\omson\.m2\repository\com\google\guava\guava\31.1-jre\guava-31.1-jre.jar;C:\Users\omson\.m2\repository\com\google\guava\failureaccess\1.0.1\failureaccess-1.0.1.jar;C:\Users\omson\.m2\repository\com\google\guava\listenablefuture\9999.0-empty-to-avoid-conflict-with-guava\listenablefuture-9999.0-empty-to-avoid-conflict-with-guava.jar;C:\Users\omson\.m2\repository\com\google\code\findbugs\jsr305\3.0.2\jsr305-3.0.2.jar;C:\Users\omson\.m2\repository\org\checkerframework\checker-qual\3.12.0\checker-qual-3.12.0.jar;C:\Users\omson\.m2\repository\com\google\errorprone\error_prone_annotations\2.11.0\error_prone_annotations-2.11.0.jar;C:\Users\omson\.m2\repository\com\google\j2objc\j2objc-annotations\1.3\j2objc-annotations-1.3.jar;C:\Users\omson\.m2\repository\org\seleniumhq\selenium\selenium-chromium-driver\4.7.2\selenium-chromium-driver-4.7.2.jar;C:\Users\omson\.m2\repository\org\seleniumhq\selenium\selenium-json\4.7.2\selenium-json-4.7.2.jar;C:\Users\omson\.m2\repository\org\seleniumhq\selenium\selenium-devtools-v106\4.7.2\selenium-devtools-v106-4.7.2.jar;C:\Users\omson\.m2\repository\org\seleniumhq\selenium\selenium-devtools-v107\4.7.2\selenium-devtools-v107-4.7.2.jar;C:\Users\omson\.m2\repository\org\seleniumhq\selenium\selenium-devtools-v108\4.7.2\selenium-devtools-v108-4.7.2.jar;C:\Users\omson\.m2\repository\org\seleniumhq\selenium\selenium-devtools-v85\4.7.2\selenium-devtools-v85-4.7.2.jar;C:\Users\omson\.m2\repository\org\seleniumhq\selenium\selenium-edge-driver\4.7.2\selenium-edge-driver-4.7.2.jar;C:\Users\omson\.m2\repository\org\seleniumhq\selenium\selenium-firefox-driver\4.7.2\selenium-firefox-driver-4.7.2.jar;C:\Users\omson\.m2\repository\org\seleniumhq\selenium\selenium-http\4.7.2\selenium-http-4.7.2.jar;C:\Users\omson\.m2\repository\dev\failsafe\failsafe\3.3.0\failsafe-3.3.0.jar;C:\Users\omson\.m2\repository\org\seleniumhq\selenium\selenium-ie-driver\4.7.2\selenium-ie-driver-4.7.2.jar;C:\Users\omson\.m2\repository\org\seleniumhq\selenium\selenium-remote-driver\4.7.2\selenium-remote-driver-4.7.2.jar;C:\Users\omson\.m2\repository\io\netty\netty-buffer\4.1.84.Final\netty-buffer-4.1.84.Final.jar;C:\Users\omson\.m2\repository\io\netty\netty-codec-http\4.1.84.Final\netty-codec-http-4.1.84.Final.jar;C:\Users\omson\.m2\repository\io\netty\netty-codec\4.1.84.Final\netty-codec-4.1.84.Final.jar;C:\Users\omson\.m2\repository\io\netty\netty-handler\4.1.84.Final\netty-handler-4.1.84.Final.jar;C:\Users\omson\.m2\repository\io\netty\netty-common\4.1.84.Final\netty-common-4.1.84.Final.jar;C:\Users\omson\.m2\repository\io\netty\netty-transport-classes-epoll\4.1.84.Final\netty-transport-classes-epoll-4.1.84.Final.jar;C:\Users\omson\.m2\repository\io\netty\netty-transport-classes-kqueue\4.1.84.Final\netty-transport-classes-kqueue-4.1.84.Final.jar;C:\Users\omson\.m2\repository\io\netty\netty-transport-native-epoll\4.1.84.Final\netty-transport-native-epoll-4.1.84.Final.jar;C:\Users\omson\.m2\repository\io\netty\netty-transport-native-kqueue\4.1.84.Final\netty-transport-native-kqueue-4.1.84.Final.jar;C:\Users\omson\.m2\repository\io\netty\netty-transport-native-unix-common\4.1.84.Final\netty-transport-native-unix-common-4.1.84.Final.jar;C:\Users\omson\.m2\repository\io\netty\netty-transport\4.1.84.Final\netty-transport-4.1.84.Final.jar;C:\Users\omson\.m2\repository\io\netty\netty-resolver\4.1.84.Final\netty-resolver-4.1.84.Final.jar;C:\Users\omson\.m2\repository\io\opentelemetry\opentelemetry-api\1.19.0\opentelemetry-api-1.19.0.jar;C:\Users\omson\.m2\repository\io\opentelemetry\opentelemetry-context\1.19.0\opentelemetry-context-1.19.0.jar;C:\Users\omson\.m2\repository\io\opentelemetry\opentelemetry-exporter-logging\1.19.0\opentelemetry-exporter-logging-1.19.0.jar;C:\Users\omson\.m2\repository\io\opentelemetry\opentelemetry-sdk-metrics\1.19.0\opentelemetry-sdk-metrics-1.19.0.jar;C:\Users\omson\.m2\repository\io\opentelemetry\opentelemetry-sdk-logs\1.19.0-alpha\opentelemetry-sdk-logs-1.19.0-alpha.jar;C:\Users\omson\.m2\repository\io\opentelemetry\opentelemetry-api-logs\1.19.0-alpha\opentelemetry-api-logs-1.19.0-alpha.jar;C:\Users\omson\.m2\repository\io\opentelemetry\opentelemetry-sdk-common\1.19.0\opentelemetry-sdk-common-1.19.0.jar;C:\Users\omson\.m2\repository\io\opentelemetry\opentelemetry-sdk-extension-autoconfigure-spi\1.19.0\opentelemetry-sdk-extension-autoconfigure-spi-1.19.0.jar;C:\Users\omson\.m2\repository\io\opentelemetry\opentelemetry-sdk-extension-autoconfigure\1.19.0-alpha\opentelemetry-sdk-extension-autoconfigure-1.19.0-alpha.jar;C:\Users\omson\.m2\repository\io\opentelemetry\opentelemetry-exporter-common\1.19.0\opentelemetry-exporter-common-1.19.0.jar;C:\Users\omson\.m2\repository\io\opentelemetry\opentelemetry-sdk-trace\1.19.0\opentelemetry-sdk-trace-1.19.0.jar;C:\Users\omson\.m2\repository\io\opentelemetry\opentelemetry-sdk\1.19.0\opentelemetry-sdk-1.19.0.jar;C:\Users\omson\.m2\repository\io\opentelemetry\opentelemetry-semconv\1.19.0-alpha\opentelemetry-semconv-1.19.0-alpha.jar;C:\Users\omson\.m2\repository\io\ous\jtoml\2.0.0\jtoml-2.0.0.jar;C:\Users\omson\.m2\repository\net\bytebuddy\byte-buddy\1.12.18\byte-buddy-1.12.18.jar;C:\Users\omson\.m2\repository\org\apache\commons\commons-exec\1.3\commons-exec-1.3.jar;C:\Users\omson\.m2\repository\org\asynchttpclient\async-http-client\2.12.3\async-http-client-2.12.3.jar;C:\Users\omson\.m2\repository\org\asynchttpclient\async-http-client-netty-utils\2.12.3\async-http-client-netty-utils-2.12.3.jar;C:\Users\omson\.m2\repository\io\netty\netty-codec-socks\4.1.60.Final\netty-codec-socks-4.1.60.Final.jar;C:\Users\omson\.m2\repository\io\netty\netty-handler-proxy\4.1.60.Final\netty-handler-proxy-4.1.60.Final.jar;C:\Users\omson\.m2\repository\io\netty\netty-transport-native-epoll\4.1.60.Final\netty-transport-native-epoll-4.1.60.Final-linux-x86_64.jar;C:\Users\omson\.m2\repository\io\netty\netty-transport-native-kqueue\4.1.60.Final\netty-transport-native-kqueue-4.1.60.Final-osx-x86_64.jar;C:\Users\omson\.m2\repository\org\reactivestreams\reactive-streams\1.0.3\reactive-streams-1.0.3.jar;C:\Users\omson\.m2\repository\com\typesafe\netty\netty-reactive-streams\2.0.4\netty-reactive-streams-2.0.4.jar;C:\Users\omson\.m2\repository\com\sun\activation\jakarta.activation\1.2.2\jakarta.activation-1.2.2.jar;C:\Users\omson\.m2\repository\org\seleniumhq\selenium\selenium-manager\4.7.2\selenium-manager-4.7.2.jar;C:\Users\omson\.m2\repository\org\seleniumhq\selenium\selenium-safari-driver\4.7.2\selenium-safari-driver-4.7.2.jar;C:\Users\omson\.m2\repository\org\seleniumhq\selenium\selenium-support\4.7.2\selenium-support-4.7.2.jar;C:\Users\omson\.m2\repository\org\testng\testng\7.7.1\testng-7.7.1.jar;C:\Users\omson\.m2\repository\org\slf4j\slf4j-api\1.7.36\slf4j-api-1.7.36.jar;C:\Users\omson\.m2\repository\com\beust\jcommander\1.82\jcommander-1.82.jar;C:\Users\omson\.m2\repository\org\webjars\jquery\3.6.1\jquery-3.6.1.jar;C:\Users\omson\.m2\repository\org\apache\poi\poi\5.2.3\poi-5.2.3.jar;C:\Users\omson\.m2\repository\commons-codec\commons-codec\1.15\commons-codec-1.15.jar;C:\Users\omson\.m2\repository\org\apache\commons\commons-collections4\4.4\commons-collections4-4.4.jar;C:\Users\omson\.m2\repository\org\apache\commons\commons-math3\3.6.1\commons-math3-3.6.1.jar;C:\Users\omson\.m2\repository\com\zaxxer\SparseBitSet\1.2\SparseBitSet-1.2.jar;C:\Users\omson\.m2\repository\org\apache\logging\log4j\log4j-api\2.18.0\log4j-api-2.18.0.jar;C:\Users\omson\.m2\repository\org\apache\poi\poi-ooxml\5.2.2\poi-ooxml-5.2.2.jar;C:\Users\omson\.m2\repository\org\apache\poi\poi-ooxml-lite\5.2.2\poi-ooxml-lite-5.2.2.jar;C:\Users\omson\.m2\repository\org\apache\xmlbeans\xmlbeans\5.0.3\xmlbeans-5.0.3.jar;C:\Users\omson\.m2\repository\org\apache\commons\commons-compress\1.21\commons-compress-1.21.jar;C:\Users\omson\.m2\repository\com\github\virtuald\curvesapi\1.07\curvesapi-1.07.jar;C:\Users\omson\.m2\repository\org\apache\poi\poi-ooxml-schemas\4.1.2\poi-ooxml-schemas-4.1.2.jar;C:\Users\omson\.m2\repository\org\apache\poi\poi-scratchpad\5.2.2\poi-scratchpad-5.2.2.jar;C:\Users\omson\.m2\repository\org\apache\poi\ooxml-schemas\1.4\ooxml-schemas-1.4.jar;C:\Users\omson\.m2\repository\org\apache\poi\openxml4j\1.0-beta\openxml4j-1.0-beta.jar;C:\Users\omson\.m2\repository\dom4j\dom4j\1.6.1\dom4j-1.6.1.jar;C:\Users\omson\.m2\repository\xml-apis\xml-apis\1.0.b2\xml-apis-1.0.b2.jar;C:\Users\omson\.m2\repository\log4j\log4j\1.2.8\log4j-1.2.8.jar;C:\Users\omson\.m2\repository\com\relevantcodes\extentreports\2.41.2\extentreports-2.41.2.jar;C:\Users\omson\.m2\repository\org\jsoup\jsoup\1.8.3\jsoup-1.8.3.jar;C:\Users\omson\.m2\repository\org\xerial\sqlite-jdbc\3.8.11.1\sqlite-jdbc-3.8.11.1.jar;C:\Users\omson\.m2\repository\org\freemarker\freemarker\2.3.23\freemarker-2.3.23.jar;C:\Users\omson\.m2\repository\org\mongodb\mongodb-driver\3.0.4\mongodb-driver-3.0.4.jar;C:\Users\omson\.m2\repository\org\mongodb\bson\3.0.4\bson-3.0.4.jar;C:\Users\omson\.m2\repository\org\mongodb\mongodb-driver-core\3.0.4\mongodb-driver-core-3.0.4.jar;C:\Users\omson\.m2\repository\commons-io\commons-io\2.11.0\commons-io-2.11.0.jar;"/>
    <property name="java.vm.vendor" value="Oracle Corporation"/>
    <property name="sun.arch.data.model" value="64"/>
    <property name="user.variant" value=""/>
    <property name="java.vendor.url" value="https://java.oracle.com/"/>
    <property name="user.timezone" value="America/Toronto"/>
    <property name="os.name" value="Windows 11"/>
    <property name="java.vm.specification.version" value="19"/>
    <property name="sun.java.launcher" value="SUN_STANDARD"/>
    <property name="user.country" value="CA"/>
    <property name="sun.boot.library.path" value="C:\Program Files\Java\jdk-19\bin"/>
    <property name="sun.java.command" value="C:\Users\omson\AppData\Local\Temp\surefire3375140896085908319\surefirebooter3428684034015393492.jar C:\Users\omson\AppData\Local\Temp\surefire3375140896085908319 2023-02-23T21-11-14_051-jvmRun1 surefire509715366868382861tmp surefire_03008434828354576976tmp"/>
    <property name="jdk.debug" value="release"/>
    <property name="surefire.test.class.path" value="C:\Users\omson\eclipse-workspace\Luma_Automation\target\test-classes;C:\Users\omson\eclipse-workspace\Luma_Automation\target\classes;C:\Users\omson\.m2\repository\org\seleniumhq\selenium\selenium-java\4.7.2\selenium-java-4.7.2.jar;C:\Users\omson\.m2\repository\org\seleniumhq\selenium\selenium-api\4.7.2\selenium-api-4.7.2.jar;C:\Users\omson\.m2\repository\org\seleniumhq\selenium\selenium-chrome-driver\4.7.2\selenium-chrome-driver-4.7.2.jar;C:\Users\omson\.m2\repository\com\google\auto\service\auto-service-annotations\1.0.1\auto-service-annotations-1.0.1.jar;C:\Users\omson\.m2\repository\com\google\auto\service\auto-service\1.0.1\auto-service-1.0.1.jar;C:\Users\omson\.m2\repository\com\google\auto\auto-common\1.2\auto-common-1.2.jar;C:\Users\omson\.m2\repository\com\google\guava\guava\31.1-jre\guava-31.1-jre.jar;C:\Users\omson\.m2\repository\com\google\guava\failureaccess\1.0.1\failureaccess-1.0.1.jar;C:\Users\omson\.m2\repository\com\google\guava\listenablefuture\9999.0-empty-to-avoid-conflict-with-guava\listenablefuture-9999.0-empty-to-avoid-conflict-with-guava.jar;C:\Users\omson\.m2\repository\com\google\code\findbugs\jsr305\3.0.2\jsr305-3.0.2.jar;C:\Users\omson\.m2\repository\org\checkerframework\checker-qual\3.12.0\checker-qual-3.12.0.jar;C:\Users\omson\.m2\repository\com\google\errorprone\error_prone_annotations\2.11.0\error_prone_annotations-2.11.0.jar;C:\Users\omson\.m2\repository\com\google\j2objc\j2objc-annotations\1.3\j2objc-annotations-1.3.jar;C:\Users\omson\.m2\repository\org\seleniumhq\selenium\selenium-chromium-driver\4.7.2\selenium-chromium-driver-4.7.2.jar;C:\Users\omson\.m2\repository\org\seleniumhq\selenium\selenium-json\4.7.2\selenium-json-4.7.2.jar;C:\Users\omson\.m2\repository\org\seleniumhq\selenium\selenium-devtools-v106\4.7.2\selenium-devtools-v106-4.7.2.jar;C:\Users\omson\.m2\repository\org\seleniumhq\selenium\selenium-devtools-v107\4.7.2\selenium-devtools-v107-4.7.2.jar;C:\Users\omson\.m2\repository\org\seleniumhq\selenium\selenium-devtools-v108\4.7.2\selenium-devtools-v108-4.7.2.jar;C:\Users\omson\.m2\repository\org\seleniumhq\selenium\selenium-devtools-v85\4.7.2\selenium-devtools-v85-4.7.2.jar;C:\Users\omson\.m2\repository\org\seleniumhq\selenium\selenium-edge-driver\4.7.2\selenium-edge-driver-4.7.2.jar;C:\Users\omson\.m2\repository\org\seleniumhq\selenium\selenium-firefox-driver\4.7.2\selenium-firefox-driver-4.7.2.jar;C:\Users\omson\.m2\repository\org\seleniumhq\selenium\selenium-http\4.7.2\selenium-http-4.7.2.jar;C:\Users\omson\.m2\repository\dev\failsafe\failsafe\3.3.0\failsafe-3.3.0.jar;C:\Users\omson\.m2\repository\org\seleniumhq\selenium\selenium-ie-driver\4.7.2\selenium-ie-driver-4.7.2.jar;C:\Users\omson\.m2\repository\org\seleniumhq\selenium\selenium-remote-driver\4.7.2\selenium-remote-driver-4.7.2.jar;C:\Users\omson\.m2\repository\io\netty\netty-buffer\4.1.84.Final\netty-buffer-4.1.84.Final.jar;C:\Users\omson\.m2\repository\io\netty\netty-codec-http\4.1.84.Final\netty-codec-http-4.1.84.Final.jar;C:\Users\omson\.m2\repository\io\netty\netty-codec\4.1.84.Final\netty-codec-4.1.84.Final.jar;C:\Users\omson\.m2\repository\io\netty\netty-handler\4.1.84.Final\netty-handler-4.1.84.Final.jar;C:\Users\omson\.m2\repository\io\netty\netty-common\4.1.84.Final\netty-common-4.1.84.Final.jar;C:\Users\omson\.m2\repository\io\netty\netty-transport-classes-epoll\4.1.84.Final\netty-transport-classes-epoll-4.1.84.Final.jar;C:\Users\omson\.m2\repository\io\netty\netty-transport-classes-kqueue\4.1.84.Final\netty-transport-classes-kqueue-4.1.84.Final.jar;C:\Users\omson\.m2\repository\io\netty\netty-transport-native-epoll\4.1.84.Final\netty-transport-native-epoll-4.1.84.Final.jar;C:\Users\omson\.m2\repository\io\netty\netty-transport-native-kqueue\4.1.84.Final\netty-transport-native-kqueue-4.1.84.Final.jar;C:\Users\omson\.m2\repository\io\netty\netty-transport-native-unix-common\4.1.84.Final\netty-transport-native-unix-common-4.1.84.Final.jar;C:\Users\omson\.m2\repository\io\netty\netty-transport\4.1.84.Final\netty-transport-4.1.84.Final.jar;C:\Users\omson\.m2\repository\io\netty\netty-resolver\4.1.84.Final\netty-resolver-4.1.84.Final.jar;C:\Users\omson\.m2\repository\io\opentelemetry\opentelemetry-api\1.19.0\opentelemetry-api-1.19.0.jar;C:\Users\omson\.m2\repository\io\opentelemetry\opentelemetry-context\1.19.0\opentelemetry-context-1.19.0.jar;C:\Users\omson\.m2\repository\io\opentelemetry\opentelemetry-exporter-logging\1.19.0\opentelemetry-exporter-logging-1.19.0.jar;C:\Users\omson\.m2\repository\io\opentelemetry\opentelemetry-sdk-metrics\1.19.0\opentelemetry-sdk-metrics-1.19.0.jar;C:\Users\omson\.m2\repository\io\opentelemetry\opentelemetry-sdk-logs\1.19.0-alpha\opentelemetry-sdk-logs-1.19.0-alpha.jar;C:\Users\omson\.m2\repository\io\opentelemetry\opentelemetry-api-logs\1.19.0-alpha\opentelemetry-api-logs-1.19.0-alpha.jar;C:\Users\omson\.m2\repository\io\opentelemetry\opentelemetry-sdk-common\1.19.0\opentelemetry-sdk-common-1.19.0.jar;C:\Users\omson\.m2\repository\io\opentelemetry\opentelemetry-sdk-extension-autoconfigure-spi\1.19.0\opentelemetry-sdk-extension-autoconfigure-spi-1.19.0.jar;C:\Users\omson\.m2\repository\io\opentelemetry\opentelemetry-sdk-extension-autoconfigure\1.19.0-alpha\opentelemetry-sdk-extension-autoconfigure-1.19.0-alpha.jar;C:\Users\omson\.m2\repository\io\opentelemetry\opentelemetry-exporter-common\1.19.0\opentelemetry-exporter-common-1.19.0.jar;C:\Users\omson\.m2\repository\io\opentelemetry\opentelemetry-sdk-trace\1.19.0\opentelemetry-sdk-trace-1.19.0.jar;C:\Users\omson\.m2\repository\io\opentelemetry\opentelemetry-sdk\1.19.0\opentelemetry-sdk-1.19.0.jar;C:\Users\omson\.m2\repository\io\opentelemetry\opentelemetry-semconv\1.19.0-alpha\opentelemetry-semconv-1.19.0-alpha.jar;C:\Users\omson\.m2\repository\io\ous\jtoml\2.0.0\jtoml-2.0.0.jar;C:\Users\omson\.m2\repository\net\bytebuddy\byte-buddy\1.12.18\byte-buddy-1.12.18.jar;C:\Users\omson\.m2\repository\org\apache\commons\commons-exec\1.3\commons-exec-1.3.jar;C:\Users\omson\.m2\repository\org\asynchttpclient\async-http-client\2.12.3\async-http-client-2.12.3.jar;C:\Users\omson\.m2\repository\org\asynchttpclient\async-http-client-netty-utils\2.12.3\async-http-client-netty-utils-2.12.3.jar;C:\Users\omson\.m2\repository\io\netty\netty-codec-socks\4.1.60.Final\netty-codec-socks-4.1.60.Final.jar;C:\Users\omson\.m2\repository\io\netty\netty-handler-proxy\4.1.60.Final\netty-handler-proxy-4.1.60.Final.jar;C:\Users\omson\.m2\repository\io\netty\netty-transport-native-epoll\4.1.60.Final\netty-transport-native-epoll-4.1.60.Final-linux-x86_64.jar;C:\Users\omson\.m2\repository\io\netty\netty-transport-native-kqueue\4.1.60.Final\netty-transport-native-kqueue-4.1.60.Final-osx-x86_64.jar;C:\Users\omson\.m2\repository\org\reactivestreams\reactive-streams\1.0.3\reactive-streams-1.0.3.jar;C:\Users\omson\.m2\repository\com\typesafe\netty\netty-reactive-streams\2.0.4\netty-reactive-streams-2.0.4.jar;C:\Users\omson\.m2\repository\com\sun\activation\jakarta.activation\1.2.2\jakarta.activation-1.2.2.jar;C:\Users\omson\.m2\repository\org\seleniumhq\selenium\selenium-manager\4.7.2\selenium-manager-4.7.2.jar;C:\Users\omson\.m2\repository\org\seleniumhq\selenium\selenium-safari-driver\4.7.2\selenium-safari-driver-4.7.2.jar;C:\Users\omson\.m2\repository\org\seleniumhq\selenium\selenium-support\4.7.2\selenium-support-4.7.2.jar;C:\Users\omson\.m2\repository\org\testng\testng\7.7.1\testng-7.7.1.jar;C:\Users\omson\.m2\repository\org\slf4j\slf4j-api\1.7.36\slf4j-api-1.7.36.jar;C:\Users\omson\.m2\repository\com\beust\jcommander\1.82\jcommander-1.82.jar;C:\Users\omson\.m2\repository\org\webjars\jquery\3.6.1\jquery-3.6.1.jar;C:\Users\omson\.m2\repository\org\apache\poi\poi\5.2.3\poi-5.2.3.jar;C:\Users\omson\.m2\repository\commons-codec\commons-codec\1.15\commons-codec-1.15.jar;C:\Users\omson\.m2\repository\org\apache\commons\commons-collections4\4.4\commons-collections4-4.4.jar;C:\Users\omson\.m2\repository\org\apache\commons\commons-math3\3.6.1\commons-math3-3.6.1.jar;C:\Users\omson\.m2\repository\com\zaxxer\SparseBitSet\1.2\SparseBitSet-1.2.jar;C:\Users\omson\.m2\repository\org\apache\logging\log4j\log4j-api\2.18.0\log4j-api-2.18.0.jar;C:\Users\omson\.m2\repository\org\apache\poi\poi-ooxml\5.2.2\poi-ooxml-5.2.2.jar;C:\Users\omson\.m2\repository\org\apache\poi\poi-ooxml-lite\5.2.2\poi-ooxml-lite-5.2.2.jar;C:\Users\omson\.m2\repository\org\apache\xmlbeans\xmlbeans\5.0.3\xmlbeans-5.0.3.jar;C:\Users\omson\.m2\repository\org\apache\commons\commons-compress\1.21\commons-compress-1.21.jar;C:\Users\omson\.m2\repository\com\github\virtuald\curvesapi\1.07\curvesapi-1.07.jar;C:\Users\omson\.m2\repository\org\apache\poi\poi-ooxml-schemas\4.1.2\poi-ooxml-schemas-4.1.2.jar;C:\Users\omson\.m2\repository\org\apache\poi\poi-scratchpad\5.2.2\poi-scratchpad-5.2.2.jar;C:\Users\omson\.m2\repository\org\apache\poi\ooxml-schemas\1.4\ooxml-schemas-1.4.jar;C:\Users\omson\.m2\repository\org\apache\poi\openxml4j\1.0-beta\openxml4j-1.0-beta.jar;C:\Users\omson\.m2\repository\dom4j\dom4j\1.6.1\dom4j-1.6.1.jar;C:\Users\omson\.m2\repository\xml-apis\xml-apis\1.0.b2\xml-apis-1.0.b2.jar;C:\Users\omson\.m2\repository\log4j\log4j\1.2.8\log4j-1.2.8.jar;C:\Users\omson\.m2\repository\com\relevantcodes\extentreports\2.41.2\extentreports-2.41.2.jar;C:\Users\omson\.m2\repository\org\jsoup\jsoup\1.8.3\jsoup-1.8.3.jar;C:\Users\omson\.m2\repository\org\xerial\sqlite-jdbc\3.8.11.1\sqlite-jdbc-3.8.11.1.jar;C:\Users\omson\.m2\repository\org\freemarker\freemarker\2.3.23\freemarker-2.3.23.jar;C:\Users\omson\.m2\repository\org\mongodb\mongodb-driver\3.0.4\mongodb-driver-3.0.4.jar;C:\Users\omson\.m2\repository\org\mongodb\bson\3.0.4\bson-3.0.4.jar;C:\Users\omson\.m2\repository\org\mongodb\mongodb-driver-core\3.0.4\mongodb-driver-core-3.0.4.jar;C:\Users\omson\.m2\repository\commons-io\commons-io\2.11.0\commons-io-2.11.0.jar;"/>
    <property name="sun.cpu.endian" value="little"/>
    <property name="user.home" value="C:\Users\omson"/>
    <property name="user.language" value="en"/>
    <property name="java.specification.vendor" value="Oracle Corporation"/>
    <property name="java.version.date" value="2023-01-17"/>
    <property name="java.home" value="C:\Program Files\Java\jdk-19"/>
    <property name="file.separator" value="\"/>
    <property name="basedir" value="C:\Users\omson\eclipse-workspace\Luma_Automation"/>
    <property name="java.vm.compressedOopsMode" value="Zero based"/>
    <property name="line.separator" value="&#10;"/>
    <property name="java.vm.specification.vendor" value="Oracle Corporation"/>
    <property name="java.specification.name" value="Java Platform API Specification"/>
    <property name="surefire.real.class.path" value="C:\Users\omson\AppData\Local\Temp\surefire3375140896085908319\surefirebooter3428684034015393492.jar"/>
    <property name="user.script" value=""/>
    <property name="sun.management.compiler" value="HotSpot 64-Bit Tiered Compilers"/>
    <property name="java.runtime.version" value="19.0.2+7-44"/>
    <property name="user.name" value="omson"/>
    <property name="stdout.encoding" value="Cp1252"/>
    <property name="path.separator" value=";"/>
    <property name="os.version" value="10.0"/>
    <property name="java.runtime.name" value="Java(TM) SE Runtime Environment"/>
    <property name="file.encoding" value="UTF-8"/>
    <property name="java.vm.name" value="Java HotSpot(TM) 64-Bit Server VM"/>
    <property name="localRepository" value="C:\Users\omson\.m2\repository"/>
    <property name="java.vendor.url.bug" value="https://bugreport.java.com/bugreport/"/>
    <property name="java.io.tmpdir" value="C:\Users\omson\AppData\Local\Temp\"/>
    <property name="java.version" value="19.0.2"/>
    <property name="user.dir" value="C:\Users\omson\eclipse-workspace\Luma_Automation"/>
    <property name="os.arch" value="amd64"/>
    <property name="java.vm.specification.name" value="Java Virtual Machine Specification"/>
    <property name="sun.os.patch.level" value=""/>
    <property name="native.encoding" value="Cp1252"/>
    <property name="java.library.path" value="C:\Program Files\Java\jdk-19\bin;C:\WINDOWS\Sun\Java\bin;C:\WINDOWS\system32;C:\WINDOWS;C:\QA\Testing\apache-maven-3.8.7/bin;C:\Program Files\Java\jdk-19/bin;C:\Program Files\Java\jdk-19/bin;C:\Program Files\Common Files\Oracle\Java\javapath;C:\WINDOWS\system32;C:\WINDOWS;C:\WINDOWS\System32\Wbem;C:\WINDOWS\System32\WindowsPowerShell\v1.0\;C:\WINDOWS\System32\OpenSSH\;C:\QA\Testing\apache-ant-1.10.13\bin;C:\Program Files\Java\jdk-19\bin;C:\QA\Testing\apache-maven-3.8.7\bin;C:\Program Files\Git\cmd;C:\Program Files\PuTTY\;C:\Users\omson\AppData\Local\Microsoft\WindowsApps;;."/>
    <property name="java.vm.info" value="mixed mode, sharing"/>
    <property name="stderr.encoding" value="Cp1252"/>
    <property name="java.vendor" value="Oracle Corporation"/>
    <property name="java.vm.version" value="19.0.2+7-44"/>
    <property name="sun.io.unicode.encoding" value="UnicodeLittle"/>
    <property name="java.class.version" value="63.0"/>
  </properties>
  <testcase name="validateCreateAccPageTitleTest" classname="com.auto.qa.tests.CreateAnAccountTest" time="0.018"/>
  <testcase name="validateCreateAnAccountLabelTest" classname="com.auto.qa.tests.CreateAnAccountTest" time="0.025"/>
  <testcase name="createAccountTest" classname="com.auto.qa.tests.CreateAnAccountTest" time="21.76">
    <failure message="no such element: Unable to locate element: {&quot;method&quot;:&quot;xpath&quot;,&quot;selector&quot;:&quot;//div[contains(text(),&quot;Thank you for registering with Fake Online Clothing Store.&quot;)]&quot;}&#10;  (Session info: chrome=110.0.5481.105)&#10;For documentation on this error, please visit: https://selenium.dev/exceptions/#no_such_element&#10;Build info: version: &apos;4.7.2&apos;, revision: &apos;4d4020c3b7&apos;&#10;System info: os.name: &apos;Windows 11&apos;, os.arch: &apos;amd64&apos;, os.version: &apos;10.0&apos;, java.version: &apos;19.0.2&apos;&#10;Driver info: org.openqa.selenium.chrome.ChromeDriver&#10;Command: [0bad3a7d212d192981b4deadc205d70b, findElement {using=xpath, value=//div[contains(text(),&quot;Thank you for registering with Fake Online Clothing Store.&quot;)]}]&#10;Capabilities {acceptInsecureCerts: false, browserName: chrome, browserVersion: 110.0.5481.105, chrome: {chromedriverVersion: 110.0.5481.77 (65ed616c6e8e..., userDataDir: C:\Users\omson\AppData\Loca...}, goog:chromeOptions: {debuggerAddress: localhost:52067}, networkConnectionEnabled: false, pageLoadStrategy: normal, platformName: WINDOWS, proxy: Proxy(), se:cdp: ws://localhost:52067/devtoo..., se:cdpVersion: 110.0.5481.105, setWindowRect: true, strictFileInteractability: false, timeouts: {implicit: 0, pageLoad: 300000, script: 30000}, unhandledPromptBehavior: dismiss and notify, webauthn:extension:credBlob: true, webauthn:extension:largeBlob: true, webauthn:virtualAuthenticators: true}&#10;Session ID: 0bad3a7d212d192981b4deadc205d70b" type="org.openqa.selenium.NoSuchElementException">org.openqa.selenium.NoSuchElementException: 
no such element: Unable to locate element: {"method":"xpath","selector":"//div[contains(text(),"Thank you for registering with Fake Online Clothing Store.")]"}
  (Session info: chrome=110.0.5481.105)
For documentation on this error, please visit: https://selenium.dev/exceptions/#no_such_element
Build info: version: '4.7.2', revision: '4d4020c3b7'
System info: os.name: 'Windows 11', os.arch: 'amd64', os.version: '10.0', java.version: '19.0.2'
Driver info: org.openqa.selenium.chrome.ChromeDriver
Command: [0bad3a7d212d192981b4deadc205d70b, findElement {using=xpath, value=//div[contains(text(),"Thank you for registering with Fake Online Clothing Store.")]}]
Capabilities {acceptInsecureCerts: false, browserName: chrome, browserVersion: 110.0.5481.105, chrome: {chromedriverVersion: 110.0.5481.77 (65ed616c6e8e..., userDataDir: C:\Users\omson\AppData\Loca...}, goog:chromeOptions: {debuggerAddress: localhost:52067}, networkConnectionEnabled: false, pageLoadStrategy: normal, platformName: WINDOWS, proxy: Proxy(), se:cdp: ws://localhost:52067/devtoo..., se:cdpVersion: 110.0.5481.105, setWindowRect: true, strictFileInteractability: false, timeouts: {implicit: 0, pageLoad: 300000, script: 30000}, unhandledPromptBehavior: dismiss and notify, webauthn:extension:credBlob: true, webauthn:extension:largeBlob: true, webauthn:virtualAuthenticators: true}
Session ID: 0bad3a7d212d192981b4deadc205d70b
	at com.auto.qa.tests.CreateAnAccountTest.createAccountTest(CreateAnAccountTest.java:63)
</failure>
    <system-out><![CDATA[Before navigating to: 'https://magento.softwaretestingboard.com/'
Navigated to:'https://magento.softwaretestingboard.com/'
Trying to find Element By : By.linkText: Create an Account
Found Element By : By.linkText: Create an Account
Trying to click on: [[ChromeDriver: chrome on WINDOWS (0bad3a7d212d192981b4deadc205d70b)] -> link text: Create an Account]
Clicked on: [[ChromeDriver: chrome on WINDOWS (0bad3a7d212d192981b4deadc205d70b)] -> link text: Create an Account]
Trying to find Element By : By.id: firstname
Found Element By : By.id: firstname
Trying to find Element By : By.id: lastname
Found Element By : By.id: lastname
Trying to find Element By : By.id: email_address
Found Element By : By.id: email_address
Trying to find Element By : By.id: password
Found Element By : By.id: password
Trying to find Element By : By.id: password-confirmation
Found Element By : By.id: password-confirmation
Trying to find Element By : By.cssSelector: button[class*='submit primary']
Found Element By : By.cssSelector: button[class*='submit primary']
Trying to click on: [[ChromeDriver: chrome on WINDOWS (0bad3a7d212d192981b4deadc205d70b)] -> css selector: button[class*='submit primary']]
Clicked on: [[ChromeDriver: chrome on WINDOWS (0bad3a7d212d192981b4deadc205d70b)] -> css selector: button[class*='submit primary']]
Trying to find Element By : By.xpath: //div[contains(text(),"Thank you for registering with Fake Online Clothing Store.")]
Exception occured: org.openqa.selenium.NoSuchElementException: no such element: Unable to locate element: {"method":"xpath","selector":"//div[contains(text(),"Thank you for registering with Fake Online Clothing Store.")]"}
  (Session info: chrome=110.0.5481.105)
For documentation on this error, please visit: https://selenium.dev/exceptions/#no_such_element
Build info: version: '4.7.2', revision: '4d4020c3b7'
System info: os.name: 'Windows 11', os.arch: 'amd64', os.version: '10.0', java.version: '19.0.2'
Driver info: org.openqa.selenium.chrome.ChromeDriver
Command: [0bad3a7d212d192981b4deadc205d70b, findElement {using=xpath, value=//div[contains(text(),"Thank you for registering with Fake Online Clothing Store.")]}]
Capabilities {acceptInsecureCerts: false, browserName: chrome, browserVersion: 110.0.5481.105, chrome: {chromedriverVersion: 110.0.5481.77 (65ed616c6e8e..., userDataDir: C:\Users\omson\AppData\Loca...}, goog:chromeOptions: {debuggerAddress: localhost:52067}, networkConnectionEnabled: false, pageLoadStrategy: normal, platformName: WINDOWS, proxy: Proxy(), se:cdp: ws://localhost:52067/devtoo..., se:cdpVersion: 110.0.5481.105, setWindowRect: true, strictFileInteractability: false, timeouts: {implicit: 0, pageLoad: 300000, script: 30000}, unhandledPromptBehavior: dismiss and notify, webauthn:extension:credBlob: true, webauthn:extension:largeBlob: true, webauthn:virtualAuthenticators: true}
Session ID: 0bad3a7d212d192981b4deadc205d70b
]]></system-out>
    <system-err><![CDATA[Starting ChromeDriver 110.0.5481.77 (65ed616c6e8ee3fe0ad64fe83796c020644d42af-refs/branch-heads/5481@{#839}) on port 48627
Only local connections are allowed.
Please see https://chromedriver.chromium.org/security-considerations for suggestions on keeping ChromeDriver safe.
ChromeDriver was started successfully.
[1677204682.803][WARNING]: virtual void DevToolsClientImpl::AddListener(DevToolsEventListener *) subscribing a listener to the already connected DevToolsClient. Connection notification will not arrive.
Feb 23, 2023 9:11:22 P.M. org.openqa.selenium.devtools.CdpVersionFinder findNearestMatch
WARNING: Unable to find an exact match for CDP version 110, so returning the closest version found: 108
]]></system-err>
  </testcase>
  <testcase name="createAccountTest" classname="com.auto.qa.tests.CreateAnAccountTest" time="21.656">
    <failure message="no such element: Unable to locate element: {&quot;method&quot;:&quot;xpath&quot;,&quot;selector&quot;:&quot;//div[contains(text(),&quot;Thank you for registering with Fake Online Clothing Store.&quot;)]&quot;}&#10;  (Session info: chrome=110.0.5481.105)&#10;For documentation on this error, please visit: https://selenium.dev/exceptions/#no_such_element&#10;Build info: version: &apos;4.7.2&apos;, revision: &apos;4d4020c3b7&apos;&#10;System info: os.name: &apos;Windows 11&apos;, os.arch: &apos;amd64&apos;, os.version: &apos;10.0&apos;, java.version: &apos;19.0.2&apos;&#10;Driver info: org.openqa.selenium.chrome.ChromeDriver&#10;Command: [3e615b3f493f85bfa70057e1fd62e37f, findElement {using=xpath, value=//div[contains(text(),&quot;Thank you for registering with Fake Online Clothing Store.&quot;)]}]&#10;Capabilities {acceptInsecureCerts: false, browserName: chrome, browserVersion: 110.0.5481.105, chrome: {chromedriverVersion: 110.0.5481.77 (65ed616c6e8e..., userDataDir: C:\Users\omson\AppData\Loca...}, goog:chromeOptions: {debuggerAddress: localhost:52135}, networkConnectionEnabled: false, pageLoadStrategy: normal, platformName: WINDOWS, proxy: Proxy(), se:cdp: ws://localhost:52135/devtoo..., se:cdpVersion: 110.0.5481.105, setWindowRect: true, strictFileInteractability: false, timeouts: {implicit: 0, pageLoad: 300000, script: 30000}, unhandledPromptBehavior: dismiss and notify, webauthn:extension:credBlob: true, webauthn:extension:largeBlob: true, webauthn:virtualAuthenticators: true}&#10;Session ID: 3e615b3f493f85bfa70057e1fd62e37f" type="org.openqa.selenium.NoSuchElementException">org.openqa.selenium.NoSuchElementException: 
no such element: Unable to locate element: {"method":"xpath","selector":"//div[contains(text(),"Thank you for registering with Fake Online Clothing Store.")]"}
  (Session info: chrome=110.0.5481.105)
For documentation on this error, please visit: https://selenium.dev/exceptions/#no_such_element
Build info: version: '4.7.2', revision: '4d4020c3b7'
System info: os.name: 'Windows 11', os.arch: 'amd64', os.version: '10.0', java.version: '19.0.2'
Driver info: org.openqa.selenium.chrome.ChromeDriver
Command: [3e615b3f493f85bfa70057e1fd62e37f, findElement {using=xpath, value=//div[contains(text(),"Thank you for registering with Fake Online Clothing Store.")]}]
Capabilities {acceptInsecureCerts: false, browserName: chrome, browserVersion: 110.0.5481.105, chrome: {chromedriverVersion: 110.0.5481.77 (65ed616c6e8e..., userDataDir: C:\Users\omson\AppData\Loca...}, goog:chromeOptions: {debuggerAddress: localhost:52135}, networkConnectionEnabled: false, pageLoadStrategy: normal, platformName: WINDOWS, proxy: Proxy(), se:cdp: ws://localhost:52135/devtoo..., se:cdpVersion: 110.0.5481.105, setWindowRect: true, strictFileInteractability: false, timeouts: {implicit: 0, pageLoad: 300000, script: 30000}, unhandledPromptBehavior: dismiss and notify, webauthn:extension:credBlob: true, webauthn:extension:largeBlob: true, webauthn:virtualAuthenticators: true}
Session ID: 3e615b3f493f85bfa70057e1fd62e37f
	at com.auto.qa.tests.CreateAnAccountTest.createAccountTest(CreateAnAccountTest.java:63)
</failure>
    <system-out><![CDATA[Before navigating to: 'https://magento.softwaretestingboard.com/'
Navigated to:'https://magento.softwaretestingboard.com/'
Trying to find Element By : By.linkText: Create an Account
Found Element By : By.linkText: Create an Account
Trying to click on: [[ChromeDriver: chrome on WINDOWS (3e615b3f493f85bfa70057e1fd62e37f)] -> link text: Create an Account]
Clicked on: [[ChromeDriver: chrome on WINDOWS (3e615b3f493f85bfa70057e1fd62e37f)] -> link text: Create an Account]
Trying to find Element By : By.id: firstname
Found Element By : By.id: firstname
Trying to find Element By : By.id: lastname
Found Element By : By.id: lastname
Trying to find Element By : By.id: email_address
Found Element By : By.id: email_address
Trying to find Element By : By.id: password
Found Element By : By.id: password
Trying to find Element By : By.id: password-confirmation
Found Element By : By.id: password-confirmation
Trying to find Element By : By.cssSelector: button[class*='submit primary']
Found Element By : By.cssSelector: button[class*='submit primary']
Trying to click on: [[ChromeDriver: chrome on WINDOWS (3e615b3f493f85bfa70057e1fd62e37f)] -> css selector: button[class*='submit primary']]
Clicked on: [[ChromeDriver: chrome on WINDOWS (3e615b3f493f85bfa70057e1fd62e37f)] -> css selector: button[class*='submit primary']]
Trying to find Element By : By.xpath: //div[contains(text(),"Thank you for registering with Fake Online Clothing Store.")]
Exception occured: org.openqa.selenium.NoSuchElementException: no such element: Unable to locate element: {"method":"xpath","selector":"//div[contains(text(),"Thank you for registering with Fake Online Clothing Store.")]"}
  (Session info: chrome=110.0.5481.105)
For documentation on this error, please visit: https://selenium.dev/exceptions/#no_such_element
Build info: version: '4.7.2', revision: '4d4020c3b7'
System info: os.name: 'Windows 11', os.arch: 'amd64', os.version: '10.0', java.version: '19.0.2'
Driver info: org.openqa.selenium.chrome.ChromeDriver
Command: [3e615b3f493f85bfa70057e1fd62e37f, findElement {using=xpath, value=//div[contains(text(),"Thank you for registering with Fake Online Clothing Store.")]}]
Capabilities {acceptInsecureCerts: false, browserName: chrome, browserVersion: 110.0.5481.105, chrome: {chromedriverVersion: 110.0.5481.77 (65ed616c6e8e..., userDataDir: C:\Users\omson\AppData\Loca...}, goog:chromeOptions: {debuggerAddress: localhost:52135}, networkConnectionEnabled: false, pageLoadStrategy: normal, platformName: WINDOWS, proxy: Proxy(), se:cdp: ws://localhost:52135/devtoo..., se:cdpVersion: 110.0.5481.105, setWindowRect: true, strictFileInteractability: false, timeouts: {implicit: 0, pageLoad: 300000, script: 30000}, unhandledPromptBehavior: dismiss and notify, webauthn:extension:credBlob: true, webauthn:extension:largeBlob: true, webauthn:virtualAuthenticators: true}
Session ID: 3e615b3f493f85bfa70057e1fd62e37f
]]></system-out>
    <system-err><![CDATA[Starting ChromeDriver 110.0.5481.77 (65ed616c6e8ee3fe0ad64fe83796c020644d42af-refs/branch-heads/5481@{#839}) on port 5194
Only local connections are allowed.
Please see https://chromedriver.chromium.org/security-considerations for suggestions on keeping ChromeDriver safe.
ChromeDriver was started successfully.
[1677204707.509][WARNING]: virtual void DevToolsClientImpl::AddListener(DevToolsEventListener *) subscribing a listener to the already connected DevToolsClient. Connection notification will not arrive.
Feb 23, 2023 9:11:47 P.M. org.openqa.selenium.devtools.CdpVersionFinder findNearestMatch
WARNING: Unable to find an exact match for CDP version 110, so returning the closest version found: 108
]]></system-err>
  </testcase>
  <testcase name="createAccountWithSameDataTest" classname="com.auto.qa.tests.CreateAnAccountTest" time="1.633"/>
  <testcase name="createAccountWithSameDataTest" classname="com.auto.qa.tests.CreateAnAccountTest" time="1.527"/>
  <testcase name="validateGearPageTitleTest" classname="com.auto.qa.tests.GearPageTest" time="0.003"/>
  <testcase name="validateGearLabelTest" classname="com.auto.qa.tests.GearPageTest" time="0.054"/>
  <testcase name="chooseItemAndAddToCartTest" classname="com.auto.qa.tests.GearPageTest" time="1.946">
    <failure message="element not interactable: [object HTMLImageElement] has no size and location&#10;  (Session info: chrome=110.0.5481.105)&#10;Build info: version: &apos;4.7.2&apos;, revision: &apos;4d4020c3b7&apos;&#10;System info: os.name: &apos;Windows 11&apos;, os.arch: &apos;amd64&apos;, os.version: &apos;10.0&apos;, java.version: &apos;19.0.2&apos;&#10;Driver info: org.openqa.selenium.chrome.ChromeDriver&#10;Command: [e42a2a2309462a111d8da8b44810ce89, actions {actions=[org.openqa.selenium.interactions.Sequence@1cd2143b]}]&#10;Capabilities {acceptInsecureCerts: false, browserName: chrome, browserVersion: 110.0.5481.105, chrome: {chromedriverVersion: 110.0.5481.77 (65ed616c6e8e..., userDataDir: C:\Users\omson\AppData\Loca...}, goog:chromeOptions: {debuggerAddress: localhost:52326}, networkConnectionEnabled: false, pageLoadStrategy: normal, platformName: WINDOWS, proxy: Proxy(), se:cdp: ws://localhost:52326/devtoo..., se:cdpVersion: 110.0.5481.105, setWindowRect: true, strictFileInteractability: false, timeouts: {implicit: 0, pageLoad: 300000, script: 30000}, unhandledPromptBehavior: dismiss and notify, webauthn:extension:credBlob: true, webauthn:extension:largeBlob: true, webauthn:virtualAuthenticators: true}&#10;Session ID: e42a2a2309462a111d8da8b44810ce89" type="org.openqa.selenium.ElementNotInteractableException">org.openqa.selenium.ElementNotInteractableException: 
element not interactable: [object HTMLImageElement] has no size and location
  (Session info: chrome=110.0.5481.105)
Build info: version: '4.7.2', revision: '4d4020c3b7'
System info: os.name: 'Windows 11', os.arch: 'amd64', os.version: '10.0', java.version: '19.0.2'
Driver info: org.openqa.selenium.chrome.ChromeDriver
Command: [e42a2a2309462a111d8da8b44810ce89, actions {actions=[org.openqa.selenium.interactions.Sequence@1cd2143b]}]
Capabilities {acceptInsecureCerts: false, browserName: chrome, browserVersion: 110.0.5481.105, chrome: {chromedriverVersion: 110.0.5481.77 (65ed616c6e8e..., userDataDir: C:\Users\omson\AppData\Loca...}, goog:chromeOptions: {debuggerAddress: localhost:52326}, networkConnectionEnabled: false, pageLoadStrategy: normal, platformName: WINDOWS, proxy: Proxy(), se:cdp: ws://localhost:52326/devtoo..., se:cdpVersion: 110.0.5481.105, setWindowRect: true, strictFileInteractability: false, timeouts: {implicit: 0, pageLoad: 300000, script: 30000}, unhandledPromptBehavior: dismiss and notify, webauthn:extension:credBlob: true, webauthn:extension:largeBlob: true, webauthn:virtualAuthenticators: true}
Session ID: e42a2a2309462a111d8da8b44810ce89
	at com.auto.qa.tests.GearPageTest.chooseItemAndAddToCartTest(GearPageTest.java:56)
</failure>
    <system-out><![CDATA[Before navigating to: 'https://magento.softwaretestingboard.com/'
Navigated to:'https://magento.softwaretestingboard.com/'
Trying to find Element By : By.linkText: Sign In
Found Element By : By.linkText: Sign In
Trying to click on: [[ChromeDriver: chrome on WINDOWS (e42a2a2309462a111d8da8b44810ce89)] -> link text: Sign In]
Clicked on: [[ChromeDriver: chrome on WINDOWS (e42a2a2309462a111d8da8b44810ce89)] -> link text: Sign In]
Trying to find Element By : By.xpath: //span[contains(text(), 'Customer Login')]
Found Element By : By.xpath: //span[contains(text(), 'Customer Login')]
Trying to find Element By : By.id: email
Found Element By : By.id: email
Trying to find Element By : By.id: pass
Found Element By : By.id: pass
Trying to find Element By : By.name: send
Found Element By : By.name: send
Trying to click on: [[ChromeDriver: chrome on WINDOWS (e42a2a2309462a111d8da8b44810ce89)] -> name: send]
Clicked on: [[ChromeDriver: chrome on WINDOWS (e42a2a2309462a111d8da8b44810ce89)] -> name: send]
Trying to find Element By : By.id: ui-id-6
Found Element By : By.id: ui-id-6
Trying to find Element By : By.id: ui-id-6
Found Element By : By.id: ui-id-6
Trying to click on: [[ChromeDriver: chrome on WINDOWS (e42a2a2309462a111d8da8b44810ce89)] -> id: ui-id-6]
Clicked on: [[ChromeDriver: chrome on WINDOWS (e42a2a2309462a111d8da8b44810ce89)] -> id: ui-id-6]
Trying to find Element By : By.id: ui-id-6
Found Element By : By.id: ui-id-6
Trying to find Element By : By.id: ui-id-27
Found Element By : By.id: ui-id-27
Trying to click on: [[ChromeDriver: chrome on WINDOWS (e42a2a2309462a111d8da8b44810ce89)] -> id: ui-id-27]
Clicked on: [[ChromeDriver: chrome on WINDOWS (e42a2a2309462a111d8da8b44810ce89)] -> id: ui-id-27]
Trying to find Element By : By.xpath: (//span[contains(text(), "Watches")])[2]
Found Element By : By.xpath: (//span[contains(text(), "Watches")])[2]
Trying to find Element By : By.xpath: //div[contains(text(), "Category")]
Found Element By : By.xpath: //div[contains(text(), "Category")]
Trying to click on: [[ChromeDriver: chrome on WINDOWS (e42a2a2309462a111d8da8b44810ce89)] -> xpath: //div[contains(text(), "Category")]]
Clicked on: [[ChromeDriver: chrome on WINDOWS (e42a2a2309462a111d8da8b44810ce89)] -> xpath: //div[contains(text(), "Category")]]
Trying to find Element By : By.xpath: (//li[@class='item'])[1]
Found Element By : By.xpath: (//li[@class='item'])[1]
Trying to click on: [[ChromeDriver: chrome on WINDOWS (e42a2a2309462a111d8da8b44810ce89)] -> xpath: (//li[@class='item'])[1]]
Clicked on: [[ChromeDriver: chrome on WINDOWS (e42a2a2309462a111d8da8b44810ce89)] -> xpath: (//li[@class='item'])[1]]
Trying to find Element By : By.xpath: (//img[@class='product-image-photo'])[1]
Found Element By : By.xpath: (//img[@class='product-image-photo'])[1]
Exception occured: org.openqa.selenium.ElementNotInteractableException: element not interactable: [object HTMLImageElement] has no size and location
  (Session info: chrome=110.0.5481.105)
Build info: version: '4.7.2', revision: '4d4020c3b7'
System info: os.name: 'Windows 11', os.arch: 'amd64', os.version: '10.0', java.version: '19.0.2'
Driver info: org.openqa.selenium.chrome.ChromeDriver
Command: [e42a2a2309462a111d8da8b44810ce89, actions {actions=[org.openqa.selenium.interactions.Sequence@1cd2143b]}]
Capabilities {acceptInsecureCerts: false, browserName: chrome, browserVersion: 110.0.5481.105, chrome: {chromedriverVersion: 110.0.5481.77 (65ed616c6e8e..., userDataDir: C:\Users\omson\AppData\Loca...}, goog:chromeOptions: {debuggerAddress: localhost:52326}, networkConnectionEnabled: false, pageLoadStrategy: normal, platformName: WINDOWS, proxy: Proxy(), se:cdp: ws://localhost:52326/devtoo..., se:cdpVersion: 110.0.5481.105, setWindowRect: true, strictFileInteractability: false, timeouts: {implicit: 0, pageLoad: 300000, script: 30000}, unhandledPromptBehavior: dismiss and notify, webauthn:extension:credBlob: true, webauthn:extension:largeBlob: true, webauthn:virtualAuthenticators: true}
Session ID: e42a2a2309462a111d8da8b44810ce89
]]></system-out>
    <system-err><![CDATA[Starting ChromeDriver 110.0.5481.77 (65ed616c6e8ee3fe0ad64fe83796c020644d42af-refs/branch-heads/5481@{#839}) on port 2236
Only local connections are allowed.
Please see https://chromedriver.chromium.org/security-considerations for suggestions on keeping ChromeDriver safe.
ChromeDriver was started successfully.
[1677204752.903][WARNING]: virtual void DevToolsClientImpl::AddListener(DevToolsEventListener *) subscribing a listener to the already connected DevToolsClient. Connection notification will not arrive.
Feb 23, 2023 9:12:32 P.M. org.openqa.selenium.devtools.CdpVersionFinder findNearestMatch
WARNING: Unable to find an exact match for CDP version 110, so returning the closest version found: 108
]]></system-err>
  </testcase>
  <testcase name="validateHomePageTitleTest" classname="com.auto.qa.tests.HomePageTest" time="0.02"/>
  <testcase name="validateUserNameTest" classname="com.auto.qa.tests.HomePageTest" time="0.903"/>
  <testcase name="clickOnWhatsNewButtonTest" classname="com.auto.qa.tests.HomePageTest" time="0.75"/>
  <testcase name="clickOnMenButtonTest" classname="com.auto.qa.tests.HomePageTest" time="4.924"/>
  <testcase name="searchForItemAndValidateSearchBtnTest" classname="com.auto.qa.tests.HomePageTest" time="1.723"/>
  <testcase name="landingPageTitleTest" classname="com.auto.qa.tests.LandingPageTest" time="0.005"/>
  <testcase name="pageLogoTest" classname="com.auto.qa.tests.LandingPageTest" time="0.026"/>
  <testcase name="clickLoginButtonTest" classname="com.auto.qa.tests.LandingPageTest" time="1.461"/>
  <testcase name="clickRegisterButtonTest" classname="com.auto.qa.tests.LandingPageTest" time="0.721"/>
  <testcase name="validateMenPageTitleTest" classname="com.auto.qa.tests.MenPageTest" time="0.025"/>
  <testcase name="validateMenLabelTest" classname="com.auto.qa.tests.MenPageTest" time="0.011"/>
  <testcase name="chooseItemAndAddToCartTest" classname="com.auto.qa.tests.MenPageTest" time="3.696"/>
  <testcase name="validateSalePageTitleTest" classname="com.auto.qa.tests.SalePageTest" time="0.007"/>
  <testcase name="validateSaleLabelTest" classname="com.auto.qa.tests.SalePageTest" time="0.019"/>
  <testcase name="validateDealsTextAndPromoOfferTest" classname="com.auto.qa.tests.SalePageTest" time="0.078"/>
  <testcase name="validateSearchResultItemsTest" classname="com.auto.qa.tests.SearchItemPageTest" time="0.02"/>
  <testcase name="validateSearchResultPageTitleTest" classname="com.auto.qa.tests.SearchItemPageTest" time="0.003"/>
  <testcase name="validateSearchResultsLMsgTest" classname="com.auto.qa.tests.SearchItemPageTest" time="0.014"/>
  <testcase name="signInPageTitleTest" classname="com.auto.qa.tests.SignInPageTest" time="0.01"/>
  <testcase name="customerLoginTitleTest" classname="com.auto.qa.tests.SignInPageTest" time="0.048"/>
  <testcase name="loginTest" classname="com.auto.qa.tests.SignInPageTest" time="1.241"/>
  <testcase name="validateTrainingPageTitleTest" classname="com.auto.qa.tests.TrainingPageTest" time="0.017"/>
  <testcase name="validateTrainingLabelTest" classname="com.auto.qa.tests.TrainingPageTest" time="0.035"/>
  <testcase name="chooseWatchesAndAddtoCartTest" classname="com.auto.qa.tests.TrainingPageTest" time="1.086"/>
  <testcase name="validateWhatsNewPageTitleTest" classname="com.auto.qa.tests.WhatsNewPageTest" time="0.003"/>
  <testcase name="validateWhatsNewLabelTest" classname="com.auto.qa.tests.WhatsNewPageTest" time="0.022"/>
  <testcase name="categoriesLsitTest" classname="com.auto.qa.tests.WhatsNewPageTest" time="0.02"/>
  <testcase name="validateWomenPageTitleTest" classname="com.auto.qa.tests.WomenPageTest" time="0.029"/>
  <testcase name="validateWomenLabelTest" classname="com.auto.qa.tests.WomenPageTest" time="0.017"/>
  <testcase name="chooseItemAndAddToCartTest" classname="com.auto.qa.tests.WomenPageTest" time="5.875"/>
</testsuite>