<html>
<head>
<title>TestNG:  Luma Application</title>
<link href="../testng.css" rel="stylesheet" type="text/css" />
<link href="../my-testng.css" rel="stylesheet" type="text/css" />

<style type="text/css">
.log { display: none;} 
.stack-trace { display: none;} 
</style>
<script type="text/javascript">
<!--
function flip(e) {
  current = e.style.display;
  if (current == 'block') {
    e.style.display = 'none';
    return 0;
  }
  else {
    e.style.display = 'block';
    return 1;
  }
}

function toggleBox(szDivId, elem, msg1, msg2)
{
  var res = -1;  if (document.getElementById) {
    res = flip(document.getElementById(szDivId));
  }
  else if (document.all) {
    // this is the way old msie versions work
    res = flip(document.all[szDivId]);
  }
  if(elem) {
    if(res == 0) elem.innerHTML = msg1; else elem.innerHTML = msg2;
  }

}

function toggleAllBoxes() {
  if (document.getElementsByTagName) {
    d = document.getElementsByTagName('div');
    for (i = 0; i < d.length; i++) {
      if (d[i].className == 'log') {
        flip(d[i]);
      }
    }
  }
}

// -->
</script>

</head>
<body>
<h2 align='center'>Luma Application</h2><table border='1' align="center">
<tr>
<td>Tests passed/Failed/Skipped:</td><td>34/2/0</td>
</tr><tr>
<td>Started on:</td><td>Sun Feb 26 15:54:59 EST 2023</td>
</tr>
<tr><td>Total time:</td><td>170 seconds (170082 ms)</td>
</tr><tr>
<td>Included groups:</td><td></td>
</tr><tr>
<td>Excluded groups:</td><td></td>
</tr>
</table><p/>
<small><i>(Hover the method name to see the test class name)</i></small><p/>
<table width='100%' border='1' class='invocation-failed'>
<tr><td colspan='4' align='center'><b>FAILED TESTS</b></td></tr>
<tr><td><b>Test method</b></td>
<td><b>Attribute(s)</b></td>
<td width="30%"><b>Exception</b></td>
<td width="10%"><b>Time (seconds)</b></td>
<td><b>Instance</b></td>
</tr>
<tr>
<td title='com.auto.qa.tests.CreateAnAccountTest.createAccountTest()'><b>createAccountTest</b><br>Test class: com.auto.qa.tests.CreateAnAccountTest</td>
<td><div><pre>java.lang.RuntimeException: java.lang.NullPointerException: Cannot invoke &quot;Object.toString()&quot; because the return value of &quot;org.apache.poi.ss.usermodel.Row.getCell(int)&quot; is null
	at java.base/java.util.ArrayList.forEach(ArrayList.java:1511)
Caused by: java.lang.NullPointerException: Cannot invoke &quot;Object.toString()&quot; because the return value of &quot;org.apache.poi.ss.usermodel.Row.getCell(int)&quot; is null
	at com.auto.qa.util.TestUtil.getTestData(TestUtil.java:52)
	at com.auto.qa.tests.CreateAnAccountTest.getAccountCreationData(CreateAnAccountTest.java:55)
	... 25 more
... Removed 32 stack frames</pre></div><a href='#' onClick='toggleBox("stack-trace863661360", this, "Click to show all stack frames", "Click to hide stack frames")'>Click to show all stack frames</a>
<div class='stack-trace' id='stack-trace863661360'><pre>java.lang.RuntimeException: java.lang.NullPointerException: Cannot invoke &quot;Object.toString()&quot; because the return value of &quot;org.apache.poi.ss.usermodel.Row.getCell(int)&quot; is null
	at org.testng.internal.invokers.MethodInvocationHelper.invokeMethodNoCheckedException(MethodInvocationHelper.java:57)
	at org.testng.internal.invokers.MethodInvocationHelper.invokeDataProvider(MethodInvocationHelper.java:157)
	at org.testng.internal.Parameters.handleParameters(Parameters.java:803)
	at org.testng.internal.Parameters.handleParameters(Parameters.java:728)
	at org.testng.internal.invokers.ParameterHandler.handleParameters(ParameterHandler.java:72)
	at org.testng.internal.invokers.ParameterHandler.createParameters(ParameterHandler.java:51)
	at org.testng.internal.invokers.TestInvoker$MethodInvocationAgent.invoke(TestInvoker.java:924)
	at org.testng.internal.invokers.TestInvoker.invokeTestMethods(TestInvoker.java:194)
	at org.testng.internal.invokers.TestMethodWorker.invokeTestMethods(TestMethodWorker.java:148)
	at org.testng.internal.invokers.TestMethodWorker.run(TestMethodWorker.java:128)
	at java.base/java.util.ArrayList.forEach(ArrayList.java:1511)
	at org.testng.TestRunner.privateRun(TestRunner.java:829)
	at org.testng.TestRunner.run(TestRunner.java:602)
	at org.testng.SuiteRunner.runTest(SuiteRunner.java:437)
	at org.testng.SuiteRunner.runSequentially(SuiteRunner.java:431)
	at org.testng.SuiteRunner.privateRun(SuiteRunner.java:391)
	at org.testng.SuiteRunner.run(SuiteRunner.java:330)
	at org.testng.SuiteRunnerWorker.runSuite(SuiteRunnerWorker.java:52)
	at org.testng.SuiteRunnerWorker.run(SuiteRunnerWorker.java:95)
	at org.testng.TestNG.runSuitesSequentially(TestNG.java:1256)
	at org.testng.TestNG.runSuitesLocally(TestNG.java:1176)
	at org.testng.TestNG.runSuites(TestNG.java:1099)
	at org.testng.TestNG.run(TestNG.java:1067)
	at org.testng.remote.AbstractRemoteTestNG.run(AbstractRemoteTestNG.java:115)
	at org.testng.remote.RemoteTestNG.initAndRun(RemoteTestNG.java:251)
	at org.testng.remote.RemoteTestNG.main(RemoteTestNG.java:77)
Caused by: java.lang.NullPointerException: Cannot invoke &quot;Object.toString()&quot; because the return value of &quot;org.apache.poi.ss.usermodel.Row.getCell(int)&quot; is null
	at com.auto.qa.util.TestUtil.getTestData(TestUtil.java:52)
	at com.auto.qa.tests.CreateAnAccountTest.getAccountCreationData(CreateAnAccountTest.java:55)
	at java.base/jdk.internal.reflect.NativeMethodAccessorImpl.invoke0(Native Method)
	at java.base/jdk.internal.reflect.NativeMethodAccessorImpl.invoke(NativeMethodAccessorImpl.java:77)
	at java.base/jdk.internal.reflect.DelegatingMethodAccessorImpl.invoke(DelegatingMethodAccessorImpl.java:43)
	at java.base/java.lang.reflect.Method.invoke(Method.java:568)
	at org.testng.internal.invokers.MethodInvocationHelper.invokeMethod(MethodInvocationHelper.java:139)
	at org.testng.internal.invokers.MethodInvocationHelper.invokeMethod(MethodInvocationHelper.java:84)
	at org.testng.internal.invokers.MethodInvocationHelper.invokeMethodNoCheckedException(MethodInvocationHelper.java:53)
	... 25 more
</pre></div></td>
<td>0</td>
<td>com.auto.qa.tests.CreateAnAccountTest@7bba5817</td></tr>
<tr>
<td title='com.auto.qa.tests.SignInPageTest.loginTest()'><b>loginTest</b><br>Test class: com.auto.qa.tests.SignInPageTest</td>
<td><div><pre>java.lang.IllegalArgumentException: Keys to send should be a not null CharSequence
	at org.openqa.selenium.remote.RemoteWebElement.sendKeys(RemoteWebElement.java:98)
	at org.openqa.selenium.support.events.EventFiringWebDriver$EventFiringWebElement.lambda$new$0(EventFiringWebDriver.java:378)
	at jdk.proxy2/jdk.proxy2.$Proxy20.sendKeys(Unknown Source)
	at org.openqa.selenium.support.events.EventFiringWebDriver$EventFiringWebElement.sendKeys(EventFiringWebDriver.java:403)
	at org.openqa.selenium.support.pagefactory.internal.LocatingElementHandler.invoke(LocatingElementHandler.java:52)
	at jdk.proxy2/jdk.proxy2.$Proxy19.sendKeys(Unknown Source)
	at com.auto.qa.pages.SignInPage.login(SignInPage.java:50)
	at com.auto.qa.tests.SignInPageTest.loginTest(SignInPageTest.java:45)
	at java.base/java.util.ArrayList.forEach(ArrayList.java:1511)
... Removed 35 stack frames</pre></div><a href='#' onClick='toggleBox("stack-trace1828884696", this, "Click to show all stack frames", "Click to hide stack frames")'>Click to show all stack frames</a>
<div class='stack-trace' id='stack-trace1828884696'><pre>java.lang.IllegalArgumentException: Keys to send should be a not null CharSequence
	at org.openqa.selenium.remote.RemoteWebElement.sendKeys(RemoteWebElement.java:98)
	at java.base/jdk.internal.reflect.NativeMethodAccessorImpl.invoke0(Native Method)
	at java.base/jdk.internal.reflect.NativeMethodAccessorImpl.invoke(NativeMethodAccessorImpl.java:77)
	at java.base/jdk.internal.reflect.DelegatingMethodAccessorImpl.invoke(DelegatingMethodAccessorImpl.java:43)
	at java.base/java.lang.reflect.Method.invoke(Method.java:568)
	at org.openqa.selenium.support.events.EventFiringWebDriver$EventFiringWebElement.lambda$new$0(EventFiringWebDriver.java:378)
	at jdk.proxy2/jdk.proxy2.$Proxy20.sendKeys(Unknown Source)
	at org.openqa.selenium.support.events.EventFiringWebDriver$EventFiringWebElement.sendKeys(EventFiringWebDriver.java:403)
	at java.base/jdk.internal.reflect.NativeMethodAccessorImpl.invoke0(Native Method)
	at java.base/jdk.internal.reflect.NativeMethodAccessorImpl.invoke(NativeMethodAccessorImpl.java:77)
	at java.base/jdk.internal.reflect.DelegatingMethodAccessorImpl.invoke(DelegatingMethodAccessorImpl.java:43)
	at java.base/java.lang.reflect.Method.invoke(Method.java:568)
	at org.openqa.selenium.support.pagefactory.internal.LocatingElementHandler.invoke(LocatingElementHandler.java:52)
	at jdk.proxy2/jdk.proxy2.$Proxy19.sendKeys(Unknown Source)
	at com.auto.qa.pages.SignInPage.login(SignInPage.java:50)
	at com.auto.qa.tests.SignInPageTest.loginTest(SignInPageTest.java:45)
	at java.base/jdk.internal.reflect.NativeMethodAccessorImpl.invoke0(Native Method)
	at java.base/jdk.internal.reflect.NativeMethodAccessorImpl.invoke(NativeMethodAccessorImpl.java:77)
	at java.base/jdk.internal.reflect.DelegatingMethodAccessorImpl.invoke(DelegatingMethodAccessorImpl.java:43)
	at java.base/java.lang.reflect.Method.invoke(Method.java:568)
	at org.testng.internal.invokers.MethodInvocationHelper.invokeMethod(MethodInvocationHelper.java:139)
	at org.testng.internal.invokers.TestInvoker.invokeMethod(TestInvoker.java:677)
	at org.testng.internal.invokers.TestInvoker.invokeTestMethod(TestInvoker.java:221)
	at org.testng.internal.invokers.MethodRunner.runInSequence(MethodRunner.java:50)
	at org.testng.internal.invokers.TestInvoker$MethodInvocationAgent.invoke(TestInvoker.java:969)
	at org.testng.internal.invokers.TestInvoker.invokeTestMethods(TestInvoker.java:194)
	at org.testng.internal.invokers.TestMethodWorker.invokeTestMethods(TestMethodWorker.java:148)
	at org.testng.internal.invokers.TestMethodWorker.run(TestMethodWorker.java:128)
	at java.base/java.util.ArrayList.forEach(ArrayList.java:1511)
	at org.testng.TestRunner.privateRun(TestRunner.java:829)
	at org.testng.TestRunner.run(TestRunner.java:602)
	at org.testng.SuiteRunner.runTest(SuiteRunner.java:437)
	at org.testng.SuiteRunner.runSequentially(SuiteRunner.java:431)
	at org.testng.SuiteRunner.privateRun(SuiteRunner.java:391)
	at org.testng.SuiteRunner.run(SuiteRunner.java:330)
	at org.testng.SuiteRunnerWorker.runSuite(SuiteRunnerWorker.java:52)
	at org.testng.SuiteRunnerWorker.run(SuiteRunnerWorker.java:95)
	at org.testng.TestNG.runSuitesSequentially(TestNG.java:1256)
	at org.testng.TestNG.runSuitesLocally(TestNG.java:1176)
	at org.testng.TestNG.runSuites(TestNG.java:1099)
	at org.testng.TestNG.run(TestNG.java:1067)
	at org.testng.remote.AbstractRemoteTestNG.run(AbstractRemoteTestNG.java:115)
	at org.testng.remote.RemoteTestNG.initAndRun(RemoteTestNG.java:251)
	at org.testng.remote.RemoteTestNG.main(RemoteTestNG.java:77)
</pre></div></td>
<td>0</td>
<td>com.auto.qa.tests.SignInPageTest@742ff096</td></tr>
</table><p>
<table width='100%' border='1' class='invocation-passed'>
<tr><td colspan='4' align='center'><b>PASSED TESTS</b></td></tr>
<tr><td><b>Test method</b></td>
<td><b>Attribute(s)</b></td>
<td width="30%"><b>Exception</b></td>
<td width="10%"><b>Time (seconds)</b></td>
<td><b>Instance</b></td>
</tr>
<tr>
<td title='com.auto.qa.tests.SalePageTest.validateSalePageTitleTest()'><b>validateSalePageTitleTest</b><br>Test class: com.auto.qa.tests.SalePageTest</td>
<td></td>
<td>0</td>
<td>com.auto.qa.tests.SalePageTest@4c60d6e9</td></tr>
<tr>
<td title='com.auto.qa.tests.GearPageTest.validateGearLabelTest()'><b>validateGearLabelTest</b><br>Test class: com.auto.qa.tests.GearPageTest</td>
<td></td>
<td>0</td>
<td>com.auto.qa.tests.GearPageTest@79e4c792</td></tr>
<tr>
<td title='com.auto.qa.tests.MenPageTest.validateMenPageTitleTest()'><b>validateMenPageTitleTest</b><br>Test class: com.auto.qa.tests.MenPageTest</td>
<td></td>
<td>0</td>
<td>com.auto.qa.tests.MenPageTest@1c5920df</td></tr>
<tr>
<td title='com.auto.qa.tests.WomenPageTest.validateWomenPageTitleTest()'><b>validateWomenPageTitleTest</b><br>Test class: com.auto.qa.tests.WomenPageTest</td>
<td></td>
<td>0</td>
<td>com.auto.qa.tests.WomenPageTest@17f9d882</td></tr>
<tr>
<td title='com.auto.qa.tests.HomePageTest.clickOnMenButtonTest()'><b>clickOnMenButtonTest</b><br>Test class: com.auto.qa.tests.HomePageTest</td>
<td></td>
<td>3</td>
<td>com.auto.qa.tests.HomePageTest@75437611</td></tr>
<tr>
<td title='com.auto.qa.tests.CreateAnAccountTest.validateCreateAnAccountLabelTest()'><b>validateCreateAnAccountLabelTest</b><br>Test class: com.auto.qa.tests.CreateAnAccountTest</td>
<td></td>
<td>0</td>
<td>com.auto.qa.tests.CreateAnAccountTest@7bba5817</td></tr>
<tr>
<td title='com.auto.qa.tests.CreateAnAccountTest.validateCreateAccPageTitleTest()'><b>validateCreateAccPageTitleTest</b><br>Test class: com.auto.qa.tests.CreateAnAccountTest</td>
<td></td>
<td>0</td>
<td>com.auto.qa.tests.CreateAnAccountTest@7bba5817</td></tr>
<tr>
<td title='com.auto.qa.tests.MenPageTest.chooseItemAndAddToCartTest()'><b>chooseItemAndAddToCartTest</b><br>Test class: com.auto.qa.tests.MenPageTest</td>
<td></td>
<td>2</td>
<td>com.auto.qa.tests.MenPageTest@1c5920df</td></tr>
<tr>
<td title='com.auto.qa.tests.HomePageTest.validateUserNameTest()'><b>validateUserNameTest</b><br>Test class: com.auto.qa.tests.HomePageTest</td>
<td></td>
<td>0</td>
<td>com.auto.qa.tests.HomePageTest@75437611</td></tr>
<tr>
<td title='com.auto.qa.tests.MenPageTest.validateMenLabelTest()'><b>validateMenLabelTest</b><br>Test class: com.auto.qa.tests.MenPageTest</td>
<td></td>
<td>0</td>
<td>com.auto.qa.tests.MenPageTest@1c5920df</td></tr>
<tr>
<td title='com.auto.qa.tests.SalePageTest.validateSaleLabelTest()'><b>validateSaleLabelTest</b><br>Test class: com.auto.qa.tests.SalePageTest</td>
<td></td>
<td>0</td>
<td>com.auto.qa.tests.SalePageTest@4c60d6e9</td></tr>
<tr>
<td title='com.auto.qa.tests.LandingPageTest.clickRegisterButtonTest()'><b>clickRegisterButtonTest</b><br>Test class: com.auto.qa.tests.LandingPageTest</td>
<td></td>
<td>0</td>
<td>com.auto.qa.tests.LandingPageTest@26d9b808</td></tr>
<tr>
<td title='com.auto.qa.tests.LandingPageTest.pageLogoTest()'><b>pageLogoTest</b><br>Test class: com.auto.qa.tests.LandingPageTest</td>
<td></td>
<td>0</td>
<td>com.auto.qa.tests.LandingPageTest@26d9b808</td></tr>
<tr>
<td title='com.auto.qa.tests.LandingPageTest.landingPageTitleTest()'><b>landingPageTitleTest</b><br>Test class: com.auto.qa.tests.LandingPageTest</td>
<td></td>
<td>0</td>
<td>com.auto.qa.tests.LandingPageTest@26d9b808</td></tr>
<tr>
<td title='com.auto.qa.tests.WomenPageTest.chooseItemAndAddToCartTest()'><b>chooseItemAndAddToCartTest</b><br>Test class: com.auto.qa.tests.WomenPageTest</td>
<td></td>
<td>5</td>
<td>com.auto.qa.tests.WomenPageTest@17f9d882</td></tr>
<tr>
<td title='com.auto.qa.tests.SignInPageTest.signInPageTitleTest()'><b>signInPageTitleTest</b><br>Test class: com.auto.qa.tests.SignInPageTest</td>
<td></td>
<td>0</td>
<td>com.auto.qa.tests.SignInPageTest@742ff096</td></tr>
<tr>
<td title='com.auto.qa.tests.LandingPageTest.clickLoginButtonTest()'><b>clickLoginButtonTest</b><br>Test class: com.auto.qa.tests.LandingPageTest</td>
<td></td>
<td>1</td>
<td>com.auto.qa.tests.LandingPageTest@26d9b808</td></tr>
<tr>
<td title='com.auto.qa.tests.SearchItemPageTest.validateSearchResultItemsTest()'><b>validateSearchResultItemsTest</b><br>Test class: com.auto.qa.tests.SearchItemPageTest</td>
<td></td>
<td>0</td>
<td>com.auto.qa.tests.SearchItemPageTest@15043a2f</td></tr>
<tr>
<td title='com.auto.qa.tests.WhatsNewPageTest.validateWhatsNewPageTitleTest()'><b>validateWhatsNewPageTitleTest</b><br>Test class: com.auto.qa.tests.WhatsNewPageTest</td>
<td></td>
<td>0</td>
<td>com.auto.qa.tests.WhatsNewPageTest@350aac89</td></tr>
<tr>
<td title='com.auto.qa.tests.TrainingPageTest.chooseWatchesAndAddtoCartTest()'><b>chooseWatchesAndAddtoCartTest</b><br>Test class: com.auto.qa.tests.TrainingPageTest</td>
<td></td>
<td>0</td>
<td>com.auto.qa.tests.TrainingPageTest@196a42c3</td></tr>
<tr>
<td title='com.auto.qa.tests.TrainingPageTest.validateTrainingLabelTest()'><b>validateTrainingLabelTest</b><br>Test class: com.auto.qa.tests.TrainingPageTest</td>
<td></td>
<td>0</td>
<td>com.auto.qa.tests.TrainingPageTest@196a42c3</td></tr>
<tr>
<td title='com.auto.qa.tests.SearchItemPageTest.validateSearchResultsLMsgTest()'><b>validateSearchResultsLMsgTest</b><br>Test class: com.auto.qa.tests.SearchItemPageTest</td>
<td></td>
<td>0</td>
<td>com.auto.qa.tests.SearchItemPageTest@15043a2f</td></tr>
<tr>
<td title='com.auto.qa.tests.GearPageTest.chooseItemAndAddToCartTest()'><b>chooseItemAndAddToCartTest</b><br>Test class: com.auto.qa.tests.GearPageTest</td>
<td></td>
<td>2</td>
<td>com.auto.qa.tests.GearPageTest@79e4c792</td></tr>
<tr>
<td title='com.auto.qa.tests.SalePageTest.validateDealsTextAndPromoOfferTest()'><b>validateDealsTextAndPromoOfferTest</b><br>Test class: com.auto.qa.tests.SalePageTest</td>
<td></td>
<td>0</td>
<td>com.auto.qa.tests.SalePageTest@4c60d6e9</td></tr>
<tr>
<td title='com.auto.qa.tests.WomenPageTest.validateWomenLabelTest()'><b>validateWomenLabelTest</b><br>Test class: com.auto.qa.tests.WomenPageTest</td>
<td></td>
<td>0</td>
<td>com.auto.qa.tests.WomenPageTest@17f9d882</td></tr>
<tr>
<td title='com.auto.qa.tests.HomePageTest.searchForItemAndValidateSearchBtnTest()'><b>searchForItemAndValidateSearchBtnTest</b><br>Test class: com.auto.qa.tests.HomePageTest</td>
<td></td>
<td>1</td>
<td>com.auto.qa.tests.HomePageTest@75437611</td></tr>
<tr>
<td title='com.auto.qa.tests.GearPageTest.validateGearPageTitleTest()'><b>validateGearPageTitleTest</b><br>Test class: com.auto.qa.tests.GearPageTest</td>
<td></td>
<td>0</td>
<td>com.auto.qa.tests.GearPageTest@79e4c792</td></tr>
<tr>
<td title='com.auto.qa.tests.SignInPageTest.customerLoginTitleTest()'><b>customerLoginTitleTest</b><br>Test class: com.auto.qa.tests.SignInPageTest</td>
<td></td>
<td>0</td>
<td>com.auto.qa.tests.SignInPageTest@742ff096</td></tr>
<tr>
<td title='com.auto.qa.tests.SearchItemPageTest.validateSearchResultPageTitleTest()'><b>validateSearchResultPageTitleTest</b><br>Test class: com.auto.qa.tests.SearchItemPageTest</td>
<td></td>
<td>0</td>
<td>com.auto.qa.tests.SearchItemPageTest@15043a2f</td></tr>
<tr>
<td title='com.auto.qa.tests.WhatsNewPageTest.validateWhatsNewLabelTest()'><b>validateWhatsNewLabelTest</b><br>Test class: com.auto.qa.tests.WhatsNewPageTest</td>
<td></td>
<td>0</td>
<td>com.auto.qa.tests.WhatsNewPageTest@350aac89</td></tr>
<tr>
<td title='com.auto.qa.tests.WhatsNewPageTest.categoriesLsitTest()'><b>categoriesLsitTest</b><br>Test class: com.auto.qa.tests.WhatsNewPageTest</td>
<td></td>
<td>0</td>
<td>com.auto.qa.tests.WhatsNewPageTest@350aac89</td></tr>
<tr>
<td title='com.auto.qa.tests.TrainingPageTest.validateTrainingPageTitleTest()'><b>validateTrainingPageTitleTest</b><br>Test class: com.auto.qa.tests.TrainingPageTest</td>
<td></td>
<td>0</td>
<td>com.auto.qa.tests.TrainingPageTest@196a42c3</td></tr>
<tr>
<td title='com.auto.qa.tests.HomePageTest.clickOnWhatsNewButtonTest()'><b>clickOnWhatsNewButtonTest</b><br>Test class: com.auto.qa.tests.HomePageTest</td>
<td></td>
<td>0</td>
<td>com.auto.qa.tests.HomePageTest@75437611</td></tr>
<tr>
<td title='com.auto.qa.tests.HomePageTest.validateHomePageTitleTest()'><b>validateHomePageTitleTest</b><br>Test class: com.auto.qa.tests.HomePageTest</td>
<td></td>
<td>0</td>
<td>com.auto.qa.tests.HomePageTest@75437611</td></tr>
</table><p>
</body>
</html>